2023-05-18T17:06:26.971Z [application] info: [GET] /
2023-05-18T17:06:29.821Z [application] info: [GET] /
2023-05-18T17:06:31.967Z [application] info: [GET] /
2023-05-18T17:06:32.588Z [application] info: [GET] /
2023-05-18T17:06:33.665Z [application] info: [GET] /
2023-05-18T17:06:34.373Z [application] info: [GET] /
2023-05-18T17:06:34.412Z [application] info: [GET] /
2023-05-18T17:06:37.048Z [application] info: [GET] /
2023-05-18T17:06:40.689Z [application] info: [GET] /
2023-05-18T17:06:45.688Z [application] info: [GET] /PRJ1
2023-05-18T17:06:49.147Z [application] info: [GET] /
2023-05-18T17:07:02.778Z [application] info: [OPTIONS] /project
2023-05-18T17:07:02.839Z [application] info: [POST] /
2023-05-18T17:07:21.899Z [application] info: [GET] /
2023-05-18T17:07:32.823Z [application] info: [GET] /
2023-05-18T17:07:32.851Z [application] info: [GET] /
2023-05-18T17:07:33.078Z [application] info: [GET] /
2023-05-18T17:07:33.115Z [application] info: [GET] /
2023-05-18T17:07:35.983Z [application] info: [GET] /
2023-05-18T17:07:36.077Z [application] info: [GET] /
2023-05-18T17:07:36.245Z [application] info: [GET] /
2023-05-18T17:07:36.507Z [application] info: [GET] /
2023-05-18T17:07:36.834Z [application] info: [GET] /
2023-05-18T17:07:42.557Z [application] info: [GET] /
2023-05-18T17:07:48.475Z [application] info: [GET] /
2023-05-18T17:07:50.148Z [application] info: [GET] /
2023-05-18T17:07:50.645Z [application] info: [GET] /
2023-05-18T17:07:51.551Z [application] info: [GET] /
2023-05-18T17:07:51.588Z [application] info: [GET] /
2023-05-18T17:07:52.565Z [application] info: [GET] /
2023-05-18T17:09:16.961Z [application] info: [GET] /
2023-05-18T17:09:19.628Z [application] info: [GET] /
2023-05-18T17:09:21.096Z [application] info: [GET] /
2023-05-18T17:11:21.251Z [application] info: [OPTIONS] /project
2023-05-18T17:11:21.296Z [application] info: [POST] /
2023-05-18T17:12:13.651Z [application] info: [OPTIONS] /project
2023-05-18T17:12:13.766Z [application] info: [GET] /
2023-05-18T17:12:13.773Z [application] info: [POST] /
2023-05-18T17:12:24.319Z [application] info: [GET] /
2023-05-18T17:12:41.879Z [application] info: [GET] /b
2023-05-18T17:12:43.707Z [application] info: [GET] /
2023-05-18T17:13:02.746Z [application] info: [GET] /
2023-05-18T17:13:02.755Z [application] info: [GET] /
2023-05-18T17:13:03.211Z [application] info: [GET] /
2023-05-18T17:13:04.017Z [application] info: [GET] /
2023-05-18T17:13:04.468Z [application] info: [GET] /
2023-05-18T17:43:07.403Z [application] info: [OPTIONS] /user
2023-05-18T17:43:07.511Z [application] info: [POST] /
2023-05-18T17:43:49.095Z [application] info: [OPTIONS] /user
2023-05-18T17:43:49.205Z [application] error: duplicate key value violates unique constraint "user_pkey",
                                       req: {"userid":"dav","username":"dav","password":"dav","email":"","role":"A"}
2023-05-18T17:43:49.206Z [application] info: [POST] /
2023-05-18T17:43:57.965Z [application] info: [OPTIONS] /user
2023-05-18T17:43:58.070Z [application] info: [POST] /
2023-05-18T17:45:22.657Z [application] info: [OPTIONS] /user
2023-05-18T17:45:22.771Z [application] info: [POST] /
2023-05-18T17:45:56.270Z [application] info: [OPTIONS] /user
2023-05-18T17:45:56.389Z [application] info: [POST] /
2023-05-18T17:56:04.595Z [application] info: [GET] /DSH2
2023-05-18T17:57:40.935Z [application] info: [OPTIONS] /userauth
2023-05-18T17:57:41.046Z [application] info: [POST] /
2023-05-18T17:57:41.435Z [application] info: [GET] /
2023-05-18T17:57:44.266Z [application] info: [GET] /
2023-05-18T17:57:44.298Z [application] info: [GET] /
2023-05-18T17:57:48.993Z [application] info: [GET] /DSH2
2023-05-18T17:57:49.002Z [application] info: [GET] /DSH2
2023-05-18T17:58:20.724Z [application] info: [GET] /DSH2
2023-05-18T17:58:20.737Z [application] info: [GET] /DSH2
2023-05-18T17:58:45.079Z [application] info: [GET] /DSH2
2023-05-18T17:58:45.186Z [application] info: [GET] /DSH2
2023-05-18T17:58:47.664Z [application] info: [GET] /DSH2
2023-05-18T17:58:47.798Z [application] info: [GET] /DSH2
2023-05-18T18:05:21.482Z [application] info: [GET] /DSH2
2023-05-18T18:05:21.666Z [application] info: [GET] /DSH2
2023-05-18T18:06:43.950Z [application] info: [GET] /DSH2
2023-05-18T18:06:44.006Z [application] info: [GET] /DSH2
2023-05-18T18:10:18.521Z [application] info: [GET] /DSH2
2023-05-18T18:10:18.544Z [application] info: [GET] /DSH2
2023-05-18T18:10:45.911Z [application] info: [GET] /DSH2
2023-05-18T18:10:45.924Z [application] info: [GET] /DSH2
2023-05-18T18:12:20.342Z [application] info: [GET] /DSH2
2023-05-18T18:12:20.378Z [application] info: [GET] /DSH2
2023-05-18T18:13:22.420Z [application] info: [GET] /DSH2
2023-05-18T18:13:22.518Z [application] info: [GET] /DSH2
2023-05-18T18:14:46.678Z [application] info: [GET] /DSH2
2023-05-18T18:14:46.743Z [application] info: [GET] /DSH2
2023-05-18T18:16:28.471Z [application] info: [GET] /DSH2
2023-05-18T18:16:28.521Z [application] info: [GET] /DSH2
2023-05-18T18:17:34.800Z [application] info: [GET] /DSH2
2023-05-18T18:17:34.874Z [application] info: [GET] /DSH2
2023-05-18T18:17:46.851Z [application] info: [GET] /DSH2
2023-05-18T18:17:46.873Z [application] info: [GET] /DSH2
2023-05-18T18:19:34.101Z [application] info: [GET] /DSH2
2023-05-18T18:19:34.113Z [application] info: [GET] /DSH2
2023-05-18T18:20:04.254Z [application] info: [GET] /DSH2
2023-05-18T18:20:04.303Z [application] info: [GET] /DSH2
2023-05-18T18:21:10.709Z [application] info: [GET] /DSH2
2023-05-18T18:21:10.761Z [application] info: [GET] /DSH2
2023-05-18T18:21:23.581Z [application] info: [GET] /DSH2
2023-05-18T18:21:23.601Z [application] info: [GET] /DSH2
2023-05-18T18:21:26.421Z [application] info: [GET] /DSH2
2023-05-18T18:21:26.577Z [application] info: [GET] /DSH2
2023-05-18T18:21:43.806Z [application] info: [OPTIONS] /dashwidget
2023-05-18T18:21:43.963Z [application] error: column "modaltarget" of relation "dashwidget" does not exist,
                                       req: {"x":0,"y":12,"w":2.5,"h":4.5,"i":0,"widgettypeid":"Value","widgettype":1,"title":"Empty Title","modalTarget":"#alertModalValue","varid":"","dashboardid":"DSH2"}
2023-05-18T18:21:43.964Z [application] info: [POST] /
2023-05-18T18:22:24.503Z [application] info: [GET] /DSH2
2023-05-18T18:22:24.584Z [application] info: [GET] /DSH2
2023-05-18T18:22:37.094Z [application] info: [OPTIONS] /dashwidget
2023-05-18T18:22:37.250Z [application] error: INSERT has more target columns than expressions,
                                       req: {"x":0,"y":12,"w":2.5,"h":4.5,"i":0,"widgettypeid":"Value","widgettype":1,"title":"Empty Title","modalTarget":"#alertModalValue","varid":"","dashboardid":"DSH2"}
2023-05-18T18:22:37.251Z [application] info: [POST] /
2023-05-18T18:23:18.717Z [application] info: [GET] /DSH2
2023-05-18T18:23:18.794Z [application] info: [GET] /DSH2
2023-05-18T18:23:19.726Z [application] info: [OPTIONS] /dashwidget
2023-05-18T18:23:19.815Z [application] error: INSERT has more target columns than expressions,
                                       req: {"x":0,"y":12,"w":2.5,"h":4.5,"i":0,"widgettypeid":"Value","widgettype":1,"title":"Empty Title","modalTarget":"#alertModalValue","varid":"","dashboardid":"DSH2"}
2023-05-18T18:23:19.816Z [application] info: [POST] /
2023-05-18T18:24:31.711Z [application] info: [GET] /DSH2
2023-05-18T18:24:31.768Z [application] info: [GET] /DSH2
2023-05-18T18:24:33.342Z [application] info: [OPTIONS] /dashwidget
2023-05-18T18:24:33.500Z [application] error: syntax error at or near "NOW",
                                       req: {"x":0,"y":12,"w":2.5,"h":4.5,"i":0,"widgettypeid":"Switch","widgettype":3,"title":"Empty Title","modalTarget":"#alertModalSwitch","varid":"","dashboardid":"DSH2"}
2023-05-18T18:24:33.503Z [application] info: [POST] /
2023-05-18T18:24:45.299Z [application] info: [GET] /DSH2
2023-05-18T18:24:45.371Z [application] info: [GET] /DSH2
2023-05-18T18:24:46.942Z [application] info: [OPTIONS] /dashwidget
2023-05-18T18:24:47.082Z [application] info: [POST] /
2023-05-18T18:24:55.589Z [application] info: [GET] /DSH2
2023-05-18T18:24:55.713Z [application] info: [GET] /DSH2
2023-05-18T18:25:49.247Z [application] info: [GET] /DSH2
2023-05-18T18:25:49.311Z [application] info: [GET] /DSH2
2023-05-18T18:25:55.506Z [application] info: [OPTIONS] /dashwidget
2023-05-18T18:25:55.600Z [application] info: [POST] /
2023-05-18T18:26:56.844Z [application] info: [GET] /DSH2
2023-05-18T18:26:56.866Z [application] info: [GET] /DSH2
2023-05-18T18:27:06.082Z [application] info: [OPTIONS] /dashwidget
2023-05-18T18:27:06.167Z [application] info: [POST] /
2023-05-18T18:27:38.723Z [application] info: [GET] /DSH2
2023-05-18T18:27:38.813Z [application] info: [GET] /DSH2
2023-05-18T18:28:36.558Z [application] info: [GET] /DSH2
2023-05-18T18:28:36.718Z [application] info: [GET] /DSH2
2023-05-18T18:28:47.765Z [application] info: [GET] /DSH2
2023-05-18T18:28:47.775Z [application] info: [GET] /DSH2
2023-05-18T18:29:05.581Z [application] info: [GET] /DSH2
2023-05-18T18:29:05.659Z [application] info: [GET] /DSH2
2023-05-18T18:29:06.859Z [application] info: [OPTIONS] /dashwidget
2023-05-18T18:29:06.939Z [application] info: [POST] /
2023-05-18T18:29:08.392Z [application] info: [POST] /
2023-05-18T18:29:13.853Z [application] info: [GET] /DSH2
2023-05-18T18:29:13.953Z [application] info: [GET] /DSH2
2023-05-18T18:29:18.762Z [application] info: [GET] /DSH2
2023-05-18T18:29:18.875Z [application] info: [GET] /DSH2
2023-05-18T18:29:20.184Z [application] info: [OPTIONS] /dashwidget
2023-05-18T18:29:20.304Z [application] info: [POST] /
2023-05-18T18:29:20.985Z [application] info: [POST] /
2023-05-18T18:29:33.266Z [application] info: [GET] /DSH2
2023-05-18T18:29:33.321Z [application] info: [GET] /DSH2
2023-05-18T18:29:43.454Z [application] info: [GET] /DSH2
2023-05-18T18:29:43.511Z [application] info: [GET] /DSH2
2023-05-18T18:29:48.609Z [application] info: [GET] /DSH2
2023-05-18T18:29:48.705Z [application] info: [GET] /DSH2
2023-05-18T18:30:38.954Z [application] info: [GET] /DSH2
2023-05-18T18:30:39.005Z [application] info: [GET] /DSH2
2023-05-18T18:31:09.488Z [application] info: [GET] /DSH2
2023-05-18T18:31:09.510Z [application] info: [GET] /DSH2
2023-05-18T18:31:21.879Z [application] info: [GET] /DSH2
2023-05-18T18:31:21.929Z [application] info: [GET] /DSH2
2023-05-18T18:31:25.534Z [application] info: [GET] /DSH2
2023-05-18T18:31:25.645Z [application] info: [GET] /DSH2
2023-05-18T18:31:47.394Z [application] info: [GET] /DSH2
2023-05-18T18:31:47.410Z [application] info: [GET] /DSH2
2023-05-18T18:32:03.050Z [application] info: [GET] /DSH2
2023-05-18T18:32:03.117Z [application] info: [GET] /DSH2
2023-05-18T18:32:04.063Z [application] info: [OPTIONS] /dashwidget
2023-05-18T18:32:04.146Z [application] info: [POST] /
2023-05-18T18:32:04.923Z [application] info: [POST] /
2023-05-18T18:32:06.729Z [application] info: [POST] /
2023-05-18T18:32:13.090Z [application] info: [GET] /DSH2
2023-05-18T18:32:13.189Z [application] info: [GET] /DSH2
2023-05-18T18:32:33.854Z [application] info: [GET] /
2023-05-18T18:32:34.887Z [application] info: [GET] /
2023-05-18T18:32:35.141Z [application] info: [GET] /
2023-05-18T18:32:35.173Z [application] info: [GET] /
2023-05-18T18:32:40.902Z [application] info: [GET] /DSH2
2023-05-18T18:32:40.928Z [application] info: [GET] /DSH2
2023-05-18T18:32:42.451Z [application] info: [GET] /
2023-05-18T18:32:43.466Z [application] info: [GET] /
2023-05-18T18:32:43.494Z [application] info: [GET] /
2023-05-18T18:32:50.627Z [application] info: [GET] /
2023-05-18T18:32:50.654Z [application] info: [GET] /
2023-05-18T18:32:51.234Z [application] info: [GET] /
2023-05-18T18:32:53.210Z [application] info: [GET] /dkDixhbWTMojRDV
2023-05-18T18:32:53.236Z [application] info: [GET] /
2023-05-18T18:32:55.440Z [application] info: [GET] /dkDixhbWTMojRDV/VAR1
2023-05-18T18:33:00.613Z [application] info: [GET] /
2023-05-18T18:33:00.647Z [application] info: [GET] /
2023-05-18T18:33:05.672Z [application] info: [GET] /
2023-05-18T18:33:08.470Z [application] info: [GET] /
2023-05-18T18:33:08.804Z [application] info: [GET] /
2023-05-18T18:33:09.872Z [application] info: [GET] /
2023-05-18T18:33:11.437Z [application] info: [GET] /b
2023-05-18T18:33:13.328Z [application] info: [GET] /
2023-05-18T18:33:21.429Z [application] info: [GET] /
2023-05-18T18:33:21.450Z [application] info: [GET] /
2023-05-18T18:33:22.366Z [application] info: [GET] /DSH2
2023-05-18T18:33:22.427Z [application] info: [GET] /DSH2
2023-05-18T18:34:18.944Z [application] info: [GET] /DSH2
2023-05-18T18:34:19.010Z [application] info: [GET] /DSH2
2023-05-18T18:34:31.540Z [application] info: [GET] /DSH2
2023-05-18T18:34:31.640Z [application] info: [GET] /DSH2
2023-05-18T18:37:00.039Z [application] info: [GET] /DSH2
2023-05-18T18:37:00.052Z [application] info: [GET] /DSH2
2023-05-18T18:37:25.951Z [application] info: [GET] /DSH2
2023-05-18T18:37:25.961Z [application] info: [GET] /DSH2
2023-05-18T18:38:40.596Z [application] info: [GET] /DSH2
2023-05-18T18:38:40.647Z [application] info: [GET] /DSH2
2023-05-18T18:38:59.870Z [application] info: [GET] /DSH2
2023-05-18T18:38:59.953Z [application] info: [GET] /DSH2
2023-05-18T18:39:30.595Z [application] info: [OPTIONS] /dashwidget
2023-05-18T18:39:30.780Z [application] info: [POST] /
2023-05-18T18:39:43.272Z [application] info: [GET] /DSH2
2023-05-18T18:39:43.345Z [application] info: [GET] /DSH2
2023-05-18T18:39:57.076Z [application] info: [GET] /DSH2
2023-05-18T18:39:57.137Z [application] info: [GET] /DSH2
2023-05-18T18:40:00.633Z [application] info: [OPTIONS] /dashwidget
2023-05-18T18:40:00.637Z [application] info: [DELETE] /
2023-05-18T18:40:02.192Z [application] info: [DELETE] /
2023-05-18T18:40:05.844Z [application] info: [OPTIONS] /dashwidget
2023-05-18T18:40:05.932Z [application] info: [POST] /
2023-05-18T18:40:31.520Z [application] info: [GET] /DSH2
2023-05-18T18:40:31.592Z [application] info: [GET] /DSH2
2023-05-18T18:40:43.207Z [application] info: [GET] /DSH2
2023-05-18T18:40:43.274Z [application] info: [GET] /DSH2
2023-05-18T18:41:11.276Z [application] info: [GET] /DSH2
2023-05-18T18:41:11.337Z [application] info: [GET] /DSH2
2023-05-18T18:41:13.021Z [application] info: [OPTIONS] /dashwidget
2023-05-18T18:41:13.106Z [application] info: [POST] /
2023-05-18T18:41:14.977Z [application] info: [POST] /
2023-05-18T18:41:20.769Z [application] info: [OPTIONS] /dashwidget
2023-05-18T18:41:20.858Z [application] info: [POST] /
2023-05-18T18:41:47.629Z [application] info: [OPTIONS] /dashwidget
2023-05-18T18:41:47.773Z [application] info: [POST] /
2023-05-18T18:42:08.880Z [application] info: [GET] /DSH2
2023-05-18T18:42:08.927Z [application] info: [GET] /DSH2
2023-05-18T18:47:07.482Z [application] info: [GET] /DSH2
2023-05-18T18:47:07.549Z [application] info: [GET] /DSH2
2023-05-19T08:49:43.954Z [application] info: [OPTIONS] /userauth
2023-05-19T08:49:44.216Z [application] info: [POST] /
2023-05-19T08:51:13.710Z [application] info: [OPTIONS] /userauth
2023-05-19T08:51:13.896Z [application] info: [POST] /
2023-05-19T08:51:14.278Z [application] info: [GET] /
2023-05-19T08:51:23.397Z [application] info: [GET] /
2023-05-19T08:51:23.421Z [application] info: [GET] /
2023-05-19T08:51:24.718Z [application] info: [GET] /DSH2
2023-05-19T08:51:24.782Z [application] info: [GET] /DSH2
2023-05-19T09:01:44.152Z [application] info: [OPTIONS] /dashwidget
2023-05-19T09:01:44.324Z [application] info: [POST] /
2023-05-19T09:06:23.510Z [application] info: [GET] /DSH2
2023-05-19T09:06:23.553Z [application] info: [GET] /DSH2
2023-05-19T09:08:07.422Z [application] info: [GET] /DSH2
2023-05-19T09:08:07.435Z [application] info: [GET] /DSH2
2023-05-19T09:09:21.221Z [application] info: [GET] /DSH2
2023-05-19T09:09:21.288Z [application] info: [GET] /DSH2
2023-05-19T09:10:13.266Z [application] info: [GET] /
2023-05-19T09:15:06.202Z [application] info: [GET] /
2023-05-19T09:19:22.050Z [application] info: [GET] /
2023-05-19T09:21:25.713Z [application] info: [GET] /
2023-05-19T09:21:35.762Z [application] info: [OPTIONS] /userauth
2023-05-19T09:21:35.802Z [application] info: [POST] /
2023-05-19T09:21:35.836Z [application] info: [GET] /
2023-05-19T09:21:43.990Z [application] info: [GET] /
2023-05-19T09:27:28.927Z [application] info: [OPTIONS] /userauth
2023-05-19T09:27:28.994Z [application] error: ReferenceError: userid is not defined
    at F:\KEPERLUAN KULIAH\SEMESTER 8\SKRIPSI\BACKEND\iot_backend\controllers\userAuthController.js:49:56
    at Query.callback (F:\KEPERLUAN KULIAH\SEMESTER 8\SKRIPSI\BACKEND\iot_backend\node_modules\pg-pool\index.js:423:18)
    at Query.handleReadyForQuery (F:\KEPERLUAN KULIAH\SEMESTER 8\SKRIPSI\BACKEND\iot_backend\node_modules\pg\lib\query.js:139:14)
    at Client._handleReadyForQuery (F:\KEPERLUAN KULIAH\SEMESTER 8\SKRIPSI\BACKEND\iot_backend\node_modules\pg\lib\client.js:303:19)
    at Connection.emit (node:events:527:28)
    at F:\KEPERLUAN KULIAH\SEMESTER 8\SKRIPSI\BACKEND\iot_backend\node_modules\pg\lib\connection.js:116:12
    at Parser.parse (F:\KEPERLUAN KULIAH\SEMESTER 8\SKRIPSI\BACKEND\iot_backend\node_modules\pg-protocol\dist\parser.js:40:17)
    at Socket.<anonymous> (F:\KEPERLUAN KULIAH\SEMESTER 8\SKRIPSI\BACKEND\iot_backend\node_modules\pg-protocol\dist\index.js:11:42)
    at Socket.emit (node:events:527:28)
    at addChunk (node:internal/streams/readable:315:12)
2023-05-19T09:28:13.018Z [application] info: [OPTIONS] /userauth
2023-05-19T09:28:13.125Z [application] info: [POST] /
2023-05-19T09:28:13.185Z [application] info: [GET] /
2023-05-19T09:28:43.732Z [application] info: [OPTIONS] /user
2023-05-19T09:28:43.845Z [application] info: [POST] /
2023-05-19T09:28:51.648Z [application] info: [OPTIONS] /userauth
2023-05-19T09:28:51.657Z [application] info: [POST] /
2023-05-19T09:28:51.695Z [application] info: [GET] /
2023-05-19T09:29:04.866Z [application] info: [GET] /
2023-05-19T09:29:09.886Z [application] info: [GET] /
2023-05-19T09:29:09.915Z [application] info: [GET] /
2023-05-19T09:29:10.337Z [application] info: [GET] /
2023-05-19T09:29:14.922Z [application] info: [GET] /DFY1sUWw6ctmZfU
2023-05-19T09:29:14.939Z [application] info: [GET] /
2023-05-19T09:29:57.012Z [application] info: [GET] /
2023-05-19T09:29:58.448Z [application] info: [GET] /
2023-05-19T09:29:59.119Z [application] info: [GET] /
2023-05-19T09:29:59.147Z [application] info: [GET] /
2023-05-19T09:30:01.022Z [application] info: [GET] /
2023-05-19T09:30:01.276Z [application] info: [GET] /
2023-05-19T09:30:01.571Z [application] info: [GET] /
2023-05-19T09:32:08.985Z [application] info: [GET] /
2023-05-19T09:32:23.717Z [application] info: [GET] /
2023-05-19T09:32:39.992Z [application] info: [GET] /
2023-05-19T09:32:54.374Z [application] info: [GET] /
2023-05-19T09:33:04.178Z [application] info: [GET] /
2023-05-19T09:33:28.980Z [application] info: [GET] /
2023-05-19T09:33:29.019Z [application] info: [GET] /
2023-05-19T09:33:29.761Z [application] info: [GET] /
2023-05-19T09:33:30.293Z [application] info: [GET] /
2023-05-19T09:33:31.831Z [application] info: [GET] /
2023-05-19T09:33:31.941Z [application] info: [GET] /
2023-05-19T09:33:34.785Z [application] info: [GET] /DSH2
2023-05-19T09:33:34.849Z [application] info: [GET] /DSH2
2023-05-19T09:35:12.660Z [application] info: [GET] /
2023-05-19T09:35:13.449Z [application] info: [GET] /
2023-05-19T09:35:15.638Z [application] info: [GET] /
2023-05-19T09:35:18.661Z [application] info: [GET] /DFY1sUWw6ctmZfU
2023-05-19T09:35:18.679Z [application] info: [GET] /
2023-05-19T09:35:22.992Z [application] info: [GET] /DFY1sUWw6ctmZfU
2023-05-19T09:35:23.083Z [application] info: [GET] /
2023-05-19T09:35:25.120Z [application] info: [GET] /
2023-05-19T09:35:25.147Z [application] info: [GET] /
2023-05-19T09:35:26.080Z [application] info: [GET] /DSH2
2023-05-19T09:35:26.134Z [application] info: [GET] /DSH2
2023-05-19T09:35:27.963Z [application] info: [GET] /
2023-05-19T09:35:30.620Z [application] info: [GET] /DFY1sUWw6ctmZfU
2023-05-19T09:35:30.653Z [application] info: [GET] /
2023-05-19T09:35:42.728Z [application] info: [GET] /
2023-05-19T09:35:43.949Z [application] info: [GET] /DFY1sUWw6ctmZfU
2023-05-19T09:35:46.414Z [application] info: [GET] /
2023-05-19T09:35:47.305Z [application] info: [GET] /DFY1sUWw6ctmZfU
2023-05-19T09:35:47.323Z [application] info: [GET] /
2023-05-19T09:36:00.761Z [application] info: [GET] /
2023-05-19T09:36:00.767Z [application] info: [GET] /
2023-05-19T09:36:01.998Z [application] info: [GET] /DSH2
2023-05-19T09:36:02.090Z [application] info: [GET] /DSH2
2023-05-19T09:36:06.106Z [application] info: [GET] /
2023-05-19T09:36:06.162Z [application] info: [GET] /
2023-05-19T09:36:09.834Z [application] info: [GET] /
2023-05-19T09:36:10.699Z [application] info: [GET] /DFY1sUWw6ctmZfU
2023-05-19T09:36:12.039Z [application] info: [GET] /
2023-05-19T09:36:12.864Z [application] info: [GET] /b
2023-05-19T09:36:13.908Z [application] info: [GET] /
2023-05-19T09:36:15.225Z [application] info: [GET] /DFY1sUWw6ctmZfU
2023-05-19T09:36:15.244Z [application] info: [GET] /
2023-05-19T09:36:16.848Z [application] info: [GET] /
2023-05-19T09:36:16.889Z [application] info: [GET] /
2023-05-19T09:36:17.731Z [application] info: [GET] /DSH2
2023-05-19T09:36:17.762Z [application] info: [GET] /DSH2
2023-05-19T09:36:18.553Z [application] info: [GET] /
2023-05-19T09:36:20.289Z [application] info: [GET] /DFY1sUWw6ctmZfU
2023-05-19T09:36:20.306Z [application] info: [GET] /
2023-05-19T09:36:25.240Z [application] info: [GET] /DFY1sUWw6ctmZfU
2023-05-19T09:36:25.295Z [application] info: [GET] /
2023-05-19T09:36:28.188Z [application] info: [GET] /
2023-05-19T09:36:28.216Z [application] info: [GET] /
2023-05-19T09:36:28.425Z [application] info: [GET] /
2023-05-19T09:36:29.140Z [application] info: [GET] /
2023-05-19T09:36:29.174Z [application] info: [GET] /
2023-05-19T09:36:30.024Z [application] info: [GET] /DSH2
2023-05-19T09:36:30.073Z [application] info: [GET] /DSH2
2023-05-19T09:36:32.187Z [application] info: [GET] /
2023-05-19T09:36:33.364Z [application] info: [GET] /DFY1sUWw6ctmZfU
2023-05-19T09:36:33.384Z [application] info: [GET] /
2023-05-19T09:37:12.640Z [application] info: [GET] /DFY1sUWw6ctmZfU
2023-05-19T09:37:12.654Z [application] info: [GET] /
2023-05-19T09:37:35.486Z [application] info: [GET] /DFY1sUWw6ctmZfU
2023-05-19T09:37:35.498Z [application] info: [GET] /
2023-05-19T09:37:40.168Z [application] info: [GET] /DFY1sUWw6ctmZfU
2023-05-19T09:37:40.252Z [application] info: [GET] /
2023-05-19T09:37:41.785Z [application] info: [GET] /
2023-05-19T09:37:41.814Z [application] info: [GET] /
2023-05-19T09:37:42.619Z [application] info: [GET] /DSH2
2023-05-19T09:37:42.673Z [application] info: [GET] /DSH2
2023-05-19T09:37:43.588Z [application] info: [GET] /
2023-05-19T09:37:45.805Z [application] info: [GET] /DFY1sUWw6ctmZfU
2023-05-19T09:37:45.825Z [application] info: [GET] /
2023-05-19T09:38:28.016Z [application] info: [GET] /DFY1sUWw6ctmZfU
2023-05-19T09:38:28.100Z [application] info: [GET] /
2023-05-19T09:38:31.987Z [application] info: [GET] /
2023-05-19T09:38:32.010Z [application] info: [GET] /
2023-05-19T09:38:33.280Z [application] info: [GET] /DSH2
2023-05-19T09:38:33.330Z [application] info: [GET] /DSH2
2023-05-19T09:38:34.354Z [application] info: [GET] /
2023-05-19T09:38:35.004Z [application] info: [GET] /DFY1sUWw6ctmZfU
2023-05-19T09:38:35.031Z [application] info: [GET] /
2023-05-19T09:38:54.858Z [application] info: [GET] /DFY1sUWw6ctmZfU
2023-05-19T09:38:54.876Z [application] info: [GET] /
2023-05-19T09:39:01.261Z [application] info: [GET] /DFY1sUWw6ctmZfU
2023-05-19T09:39:01.369Z [application] info: [GET] /
2023-05-19T09:39:10.487Z [application] info: [GET] /DFY1sUWw6ctmZfU
2023-05-19T09:39:10.523Z [application] info: [GET] /
2023-05-19T09:39:12.642Z [application] info: [GET] /
2023-05-19T09:39:12.676Z [application] info: [GET] /
2023-05-19T09:39:13.509Z [application] info: [GET] /DSH2
2023-05-19T09:39:13.565Z [application] info: [GET] /DSH2
2023-05-19T09:39:14.234Z [application] info: [GET] /
2023-05-19T09:39:14.830Z [application] info: [GET] /
2023-05-19T09:39:15.747Z [application] info: [GET] /
2023-05-19T09:39:16.277Z [application] info: [GET] /
2023-05-19T09:39:16.294Z [application] info: [GET] /
2023-05-19T09:39:20.727Z [application] info: [GET] /
2023-05-19T09:39:20.755Z [application] info: [GET] /
2023-05-19T09:39:21.241Z [application] info: [GET] /
2023-05-19T09:39:22.031Z [application] info: [GET] /DFY1sUWw6ctmZfU
2023-05-19T09:39:22.055Z [application] info: [GET] /
2023-05-19T09:39:26.503Z [application] info: [GET] /
2023-05-19T09:39:26.540Z [application] info: [GET] /
2023-05-19T09:39:29.845Z [application] info: [GET] /
2023-05-19T09:39:30.922Z [application] info: [GET] /DFY1sUWw6ctmZfU
2023-05-19T09:39:30.942Z [application] info: [GET] /
2023-05-19T09:39:32.156Z [application] info: [GET] /
2023-05-19T09:39:32.190Z [application] info: [GET] /
2023-05-19T09:39:33.020Z [application] info: [GET] /DSH2
2023-05-19T09:39:33.055Z [application] info: [GET] /DSH2
2023-05-19T09:39:35.361Z [application] info: [GET] /
2023-05-19T09:39:36.191Z [application] info: [GET] /DFY1sUWw6ctmZfU
2023-05-19T09:39:36.209Z [application] info: [GET] /
2023-05-19T09:39:39.066Z [application] info: [GET] /DFY1sUWw6ctmZfU
2023-05-19T09:39:39.128Z [application] info: [GET] /
2023-05-19T09:39:40.295Z [application] info: [GET] /
2023-05-19T09:39:40.328Z [application] info: [GET] /
2023-05-19T09:39:41.144Z [application] info: [GET] /DSH2
2023-05-19T09:39:41.197Z [application] info: [GET] /DSH2
2023-05-19T09:39:43.308Z [application] info: [GET] /
2023-05-19T09:39:44.028Z [application] info: [GET] /DFY1sUWw6ctmZfU
2023-05-19T09:39:44.051Z [application] info: [GET] /
2023-05-19T09:40:07.524Z [application] info: [GET] /DFY1sUWw6ctmZfU
2023-05-19T09:40:07.539Z [application] info: [GET] /
2023-05-19T09:40:23.994Z [application] info: [GET] /DFY1sUWw6ctmZfU
2023-05-19T09:40:24.006Z [application] info: [GET] /
2023-05-19T09:40:46.174Z [application] info: [GET] /DFY1sUWw6ctmZfU
2023-05-19T09:40:46.190Z [application] info: [GET] /
2023-05-19T09:40:49.481Z [application] info: [GET] /DFY1sUWw6ctmZfU
2023-05-19T09:40:49.589Z [application] info: [GET] /
2023-05-19T09:40:50.474Z [application] info: [GET] /
2023-05-19T09:40:50.505Z [application] info: [GET] /
2023-05-19T09:40:51.885Z [application] info: [GET] /DSH2
2023-05-19T09:40:51.942Z [application] info: [GET] /DSH2
2023-05-19T09:40:52.654Z [application] info: [GET] /
2023-05-19T09:40:53.674Z [application] info: [GET] /DFY1sUWw6ctmZfU
2023-05-19T09:40:53.698Z [application] info: [GET] /
2023-05-19T09:41:09.021Z [application] info: [GET] /
2023-05-19T09:41:09.029Z [application] info: [GET] /
2023-05-19T09:41:10.876Z [application] info: [GET] /DSH2
2023-05-19T09:41:10.904Z [application] info: [GET] /DSH2
2023-05-19T09:43:43.796Z [application] info: [GET] /DSH2
2023-05-19T09:43:43.856Z [application] info: [GET] /DSH2
2023-05-19T09:43:43.875Z [application] info: [GET] /
2023-05-19T09:47:03.148Z [application] info: [GET] /DSH2
2023-05-19T09:47:03.174Z [application] info: [GET] /DSH2
2023-05-19T09:47:03.190Z [application] info: [GET] /
2023-05-19T09:51:13.441Z [application] info: [GET] /DSH2
2023-05-19T09:51:13.457Z [application] info: [GET] /DSH2
2023-05-19T09:51:13.480Z [application] info: [GET] /
2023-05-19T09:51:29.958Z [application] info: [GET] /DSH2
2023-05-19T09:51:30.037Z [application] info: [GET] /DSH2
2023-05-19T09:51:30.138Z [application] info: [GET] /
2023-05-19T09:51:34.633Z [application] info: [GET] /
2023-05-19T09:51:35.215Z [application] info: [GET] /
2023-05-19T09:51:35.493Z [application] info: [GET] /
2023-05-19T09:51:35.551Z [application] info: [GET] /
2023-05-19T09:51:39.355Z [application] info: [GET] /DSH2
2023-05-19T09:51:39.386Z [application] info: [GET] /DSH2
2023-05-19T09:51:39.398Z [application] info: [GET] /
2023-05-19T09:54:27.675Z [application] info: [GET] /DSH2
2023-05-19T09:54:27.730Z [application] info: [GET] /DSH2
2023-05-19T09:54:27.751Z [application] info: [GET] /
2023-05-19T09:54:31.254Z [application] info: [GET] /DSH2
2023-05-19T09:54:31.334Z [application] info: [GET] /DSH2
2023-05-19T09:54:31.349Z [application] info: [GET] /
2023-05-19T09:54:47.073Z [application] info: [GET] /DSH2
2023-05-19T09:54:47.085Z [application] info: [GET] /DSH2
2023-05-19T09:54:47.106Z [application] info: [GET] /
2023-05-19T09:54:50.039Z [application] info: [GET] /DSH2
2023-05-19T09:54:50.130Z [application] info: [GET] /DSH2
2023-05-19T09:54:50.149Z [application] info: [GET] /
2023-05-19T09:55:36.462Z [application] info: [GET] /DSH2
2023-05-19T09:55:36.485Z [application] info: [GET] /DSH2
2023-05-19T09:55:36.499Z [application] info: [GET] /
2023-05-19T09:55:44.391Z [application] info: [GET] /DSH2
2023-05-19T09:55:44.434Z [application] info: [GET] /DSH2
2023-05-19T09:55:44.446Z [application] info: [GET] /
2023-05-19T09:55:57.757Z [application] info: [GET] /DSH2
2023-05-19T09:55:57.860Z [application] info: [GET] /DSH2
2023-05-19T09:55:57.876Z [application] info: [GET] /
2023-05-19T09:59:29.407Z [application] info: [GET] /DSH2
2023-05-19T09:59:29.422Z [application] info: [GET] /DSH2
2023-05-19T09:59:29.436Z [application] info: [GET] /
2023-05-19T09:59:49.453Z [application] info: [GET] /DSH2
2023-05-19T09:59:49.512Z [application] info: [GET] /DSH2
2023-05-19T09:59:49.525Z [application] info: [GET] /
2023-05-19T09:59:51.781Z [application] info: [GET] /DSH2
2023-05-19T09:59:51.832Z [application] info: [GET] /DSH2
2023-05-19T09:59:51.846Z [application] info: [GET] /
2023-05-19T09:59:58.554Z [application] info: [GET] /DSH2
2023-05-19T09:59:58.677Z [application] info: [GET] /DSH2
2023-05-19T09:59:58.691Z [application] info: [GET] /
2023-05-19T10:00:12.196Z [application] info: [GET] /DSH2
2023-05-19T10:00:12.289Z [application] info: [GET] /DSH2
2023-05-19T10:00:12.316Z [application] info: [GET] /
2023-05-19T10:00:52.274Z [application] info: [GET] /DSH2
2023-05-19T10:00:52.301Z [application] info: [GET] /DSH2
2023-05-19T10:00:52.320Z [application] info: [GET] /
2023-05-19T10:02:05.673Z [application] info: [GET] /DSH2
2023-05-19T10:02:05.676Z [application] info: [GET] /DSH2
2023-05-19T10:02:05.764Z [application] info: [GET] /DSH2
2023-05-19T10:02:05.842Z [application] info: [GET] /DSH2
2023-05-19T10:02:05.862Z [application] info: [GET] /
2023-05-19T10:02:05.866Z [application] info: [GET] /
2023-05-19T10:02:15.215Z [application] info: [GET] /DSH2
2023-05-19T10:02:15.416Z [application] info: [GET] /DSH2
2023-05-19T10:02:15.435Z [application] info: [GET] /
2023-05-19T10:02:47.897Z [application] info: [GET] /DSH2
2023-05-19T10:02:47.956Z [application] info: [GET] /DSH2
2023-05-19T10:02:47.974Z [application] info: [GET] /
2023-05-19T10:03:25.814Z [application] info: [GET] /DSH2
2023-05-19T10:03:25.845Z [application] info: [GET] /DSH2
2023-05-19T10:03:25.868Z [application] info: [GET] /
2023-05-19T10:03:29.122Z [application] info: [GET] /DSH2
2023-05-19T10:03:29.251Z [application] info: [GET] /DSH2
2023-05-19T10:03:29.267Z [application] info: [GET] /
2023-05-19T10:04:10.274Z [application] info: [GET] /DSH2
2023-05-19T10:04:10.277Z [application] info: [GET] /DSH2
2023-05-19T10:04:10.445Z [application] info: [GET] /DSH2
2023-05-19T10:04:10.478Z [application] info: [GET] /DSH2
2023-05-19T10:04:10.491Z [application] info: [GET] /
2023-05-19T10:04:10.499Z [application] info: [GET] /
2023-05-19T10:04:13.180Z [application] info: [GET] /DSH2
2023-05-19T10:04:13.370Z [application] info: [GET] /DSH2
2023-05-19T10:04:13.403Z [application] info: [GET] /
2023-05-19T10:04:32.826Z [application] info: [GET] /DSH2
2023-05-19T10:04:32.884Z [application] info: [GET] /DSH2
2023-05-19T10:04:32.906Z [application] info: [GET] /
2023-05-19T10:04:38.762Z [application] info: [GET] /DSH2
2023-05-19T10:04:38.916Z [application] info: [GET] /DSH2
2023-05-19T10:04:38.932Z [application] info: [GET] /
2023-05-19T10:06:48.650Z [application] info: [GET] /DSH2
2023-05-19T10:06:48.746Z [application] info: [GET] /DSH2
2023-05-19T10:06:48.771Z [application] info: [GET] /
2023-05-19T10:06:51.933Z [application] info: [GET] /DSH2
2023-05-19T10:06:52.068Z [application] info: [GET] /DSH2
2023-05-19T10:06:52.086Z [application] info: [GET] /
2023-05-19T10:07:27.127Z [application] info: [GET] /DSH2
2023-05-19T10:07:27.194Z [application] info: [GET] /DSH2
2023-05-19T10:07:27.213Z [application] info: [GET] /
2023-05-19T10:07:49.061Z [application] info: [GET] /DSH2
2023-05-19T10:07:49.217Z [application] info: [GET] /DSH2
2023-05-19T10:07:49.234Z [application] info: [GET] /
2023-05-19T10:10:00.176Z [application] info: [GET] /
2023-05-19T10:10:00.190Z [application] info: [GET] /
2023-05-19T10:10:02.060Z [application] info: [GET] /DSH2
2023-05-19T10:10:02.112Z [application] info: [GET] /DSH2
2023-05-19T10:10:02.130Z [application] info: [GET] /
2023-05-19T10:10:10.395Z [application] info: [GET] /
2023-05-19T10:10:10.490Z [application] info: [GET] /
2023-05-19T10:10:11.611Z [application] info: [GET] /DSH2
2023-05-19T10:10:11.644Z [application] info: [GET] /DSH2
2023-05-19T10:10:11.655Z [application] info: [GET] /
2023-05-19T10:10:52.690Z [application] info: [GET] /
2023-05-19T10:10:52.699Z [application] info: [GET] /
2023-05-19T10:10:53.881Z [application] info: [GET] /DSH2
2023-05-19T10:10:53.910Z [application] info: [GET] /DSH2
2023-05-19T10:10:53.927Z [application] info: [GET] /
2023-05-19T10:10:55.503Z [application] info: [GET] /
2023-05-19T10:10:55.543Z [application] info: [GET] /
2023-05-19T10:10:57.329Z [application] info: [GET] /
2023-05-19T10:10:57.354Z [application] info: [GET] /
2023-05-19T10:10:58.238Z [application] info: [GET] /DSH2
2023-05-19T10:10:58.270Z [application] info: [GET] /DSH2
2023-05-19T10:10:58.283Z [application] info: [GET] /
2023-05-19T10:11:04.312Z [application] info: [GET] /
2023-05-19T10:11:05.162Z [application] info: [GET] /
2023-05-19T10:11:05.177Z [application] info: [GET] /
2023-05-19T10:11:43.748Z [application] info: [GET] /
2023-05-19T10:11:43.829Z [application] info: [GET] /
2023-05-19T10:11:50.765Z [application] info: [GET] /
2023-05-19T10:11:50.786Z [application] info: [GET] /
2023-05-19T10:11:51.884Z [application] info: [GET] /DSH2
2023-05-19T10:11:51.937Z [application] info: [GET] /DSH2
2023-05-19T10:11:51.952Z [application] info: [GET] /
2023-05-19T10:11:53.141Z [application] info: [GET] /
2023-05-19T10:11:54.589Z [application] info: [GET] /DFY1sUWw6ctmZfU
2023-05-19T10:11:54.626Z [application] info: [GET] /
2023-05-19T10:12:03.992Z [application] info: [GET] /DFY1sUWw6ctmZfU
2023-05-19T10:12:04.037Z [application] info: [GET] /
2023-05-19T10:12:06.618Z [application] info: [GET] /DFY1sUWw6ctmZfU
2023-05-19T10:12:06.703Z [application] info: [GET] /
2023-05-19T10:12:07.491Z [application] info: [GET] /
2023-05-19T10:12:08.525Z [application] info: [GET] /
2023-05-19T10:12:08.546Z [application] info: [GET] /
2023-05-19T10:12:30.641Z [application] info: [GET] /
2023-05-19T10:12:30.651Z [application] info: [GET] /
2023-05-19T10:12:32.491Z [application] info: [GET] /
2023-05-19T10:12:32.582Z [application] info: [GET] /
2023-05-19T10:13:15.722Z [application] info: [GET] /
2023-05-19T10:13:16.198Z [application] info: [GET] /
2023-05-19T10:13:16.600Z [application] info: [GET] /
2023-05-19T10:13:17.881Z [application] info: [GET] /
2023-05-19T10:13:18.342Z [application] info: [GET] /
2023-05-19T10:13:22.491Z [application] info: [GET] /
2023-05-19T10:13:23.120Z [application] info: [GET] /
2023-05-19T10:13:24.295Z [application] info: [GET] /
2023-05-19T10:13:24.629Z [application] info: [GET] /
2023-05-19T10:13:24.904Z [application] info: [GET] /
2023-05-19T10:13:25.840Z [application] info: [GET] /
2023-05-19T10:13:26.812Z [application] info: [GET] /
2023-05-19T10:13:26.837Z [application] info: [GET] /
2023-05-19T10:13:28.740Z [application] info: [GET] /DSH2
2023-05-19T10:13:28.788Z [application] info: [GET] /DSH2
2023-05-19T10:13:28.805Z [application] info: [GET] /
2023-05-19T10:17:45.407Z [application] info: [GET] /DSH2
2023-05-19T10:17:45.648Z [application] info: [GET] /DSH2
2023-05-19T10:17:45.668Z [application] info: [GET] /
2023-05-19T10:17:56.287Z [application] info: [GET] /DSH2
2023-05-19T10:17:56.331Z [application] info: [GET] /DSH2
2023-05-19T10:17:56.343Z [application] info: [GET] /
2023-05-19T10:18:07.109Z [application] info: [OPTIONS] /dashwidget
2023-05-19T10:18:07.371Z [application] info: [POST] /
2023-05-19T10:18:40.474Z [application] info: [GET] /DSH2
2023-05-19T10:18:40.500Z [application] info: [GET] /DSH2
2023-05-19T10:18:40.511Z [application] info: [GET] /
2023-05-19T10:18:43.462Z [application] info: [GET] /DSH2
2023-05-19T10:18:43.564Z [application] info: [GET] /DSH2
2023-05-19T10:18:43.580Z [application] info: [GET] /
2023-05-19T10:19:22.822Z [application] info: [GET] /DSH2
2023-05-19T10:19:22.865Z [application] info: [GET] /DSH2
2023-05-19T10:19:22.888Z [application] info: [GET] /
2023-05-19T10:19:24.685Z [application] info: [GET] /DSH2
2023-05-19T10:19:24.795Z [application] info: [GET] /DSH2
2023-05-19T10:19:24.810Z [application] info: [GET] /
2023-05-19T10:19:42.088Z [application] info: [GET] /DSH2
2023-05-19T10:19:42.156Z [application] info: [GET] /DSH2
2023-05-19T10:19:42.168Z [application] info: [GET] /
2023-05-19T10:19:45.354Z [application] info: [OPTIONS] /dashwidget
2023-05-19T10:19:45.482Z [application] info: [POST] /
2023-05-19T10:20:50.497Z [application] info: [GET] /DSH2
2023-05-19T10:20:50.566Z [application] info: [GET] /DSH2
2023-05-19T10:20:50.583Z [application] info: [GET] /
2023-05-19T10:20:54.008Z [application] info: [GET] /DSH2
2023-05-19T10:20:54.112Z [application] info: [GET] /DSH2
2023-05-19T10:20:54.119Z [application] info: [GET] /
2023-05-19T10:20:59.313Z [application] info: [OPTIONS] /dashwidget
2023-05-19T10:20:59.401Z [application] info: [POST] /
2023-05-19T10:21:18.400Z [application] info: [GET] /DSH2
2023-05-19T10:21:18.426Z [application] info: [GET] /DSH2
2023-05-19T10:21:18.439Z [application] info: [GET] /
2023-05-19T10:21:50.170Z [application] info: [GET] /DSH2
2023-05-19T10:21:50.222Z [application] info: [GET] /DSH2
2023-05-19T10:21:50.245Z [application] info: [GET] /
2023-05-19T10:21:55.056Z [application] info: [OPTIONS] /dashwidget
2023-05-19T10:21:55.157Z [application] info: [POST] /
2023-05-19T10:22:16.995Z [application] info: [GET] /DSH2
2023-05-19T10:22:17.051Z [application] info: [GET] /DSH2
2023-05-19T10:22:17.074Z [application] info: [GET] /
2023-05-19T10:23:01.892Z [application] info: [GET] /DSH2
2023-05-19T10:23:01.909Z [application] info: [GET] /DSH2
2023-05-19T10:23:01.927Z [application] info: [GET] /
2023-05-19T10:23:43.505Z [application] info: [GET] /DSH2
2023-05-19T10:23:43.531Z [application] info: [GET] /DSH2
2023-05-19T10:23:43.551Z [application] info: [GET] /
2023-05-19T10:23:52.441Z [application] info: [GET] /DSH2
2023-05-19T10:23:52.536Z [application] info: [GET] /DSH2
2023-05-19T10:23:52.550Z [application] info: [GET] /
2023-05-19T10:25:07.658Z [application] info: [GET] /DSH2
2023-05-19T10:25:07.695Z [application] info: [GET] /DSH2
2023-05-19T10:25:07.710Z [application] info: [GET] /
2023-05-19T10:26:41.691Z [application] info: [GET] /DSH2
2023-05-19T10:26:41.787Z [application] info: [GET] /DSH2
2023-05-19T10:26:41.804Z [application] info: [GET] /
2023-05-19T10:27:50.915Z [application] info: [GET] /DSH2
2023-05-19T10:27:51.035Z [application] info: [GET] /DSH2
2023-05-19T10:27:51.104Z [application] info: [GET] /
2023-05-19T10:29:40.046Z [application] info: [GET] /DSH2
2023-05-19T10:29:40.055Z [application] info: [GET] /DSH2
2023-05-19T10:29:40.067Z [application] info: [GET] /
2023-05-19T10:29:54.804Z [application] info: [OPTIONS] /dashwidget
2023-05-19T10:29:55.041Z [application] info: [POST] /
2023-05-19T10:30:03.440Z [application] info: [GET] /DSH2
2023-05-19T10:30:03.488Z [application] info: [GET] /DSH2
2023-05-19T10:30:03.498Z [application] info: [GET] /
2023-05-19T10:30:04.728Z [application] info: [GET] /DSH2
2023-05-19T10:30:04.862Z [application] info: [GET] /DSH2
2023-05-19T10:30:04.878Z [application] info: [GET] /
2023-05-19T10:30:13.685Z [application] info: [GET] /DSH2
2023-05-19T10:30:13.796Z [application] info: [GET] /DSH2
2023-05-19T10:30:13.806Z [application] info: [GET] /
2023-05-19T10:30:36.713Z [application] info: [GET] /DSH2
2023-05-19T10:30:36.751Z [application] info: [GET] /DSH2
2023-05-19T10:30:36.780Z [application] info: [GET] /
2023-05-19T10:30:53.232Z [application] info: [GET] /DSH2
2023-05-19T10:30:53.312Z [application] info: [GET] /DSH2
2023-05-19T10:30:53.330Z [application] info: [GET] /
2023-05-19T10:31:04.260Z [application] info: [GET] /DSH2
2023-05-19T10:31:04.341Z [application] info: [GET] /DSH2
2023-05-19T10:31:04.358Z [application] info: [GET] /
2023-05-19T10:31:49.350Z [application] info: [GET] /DSH2
2023-05-19T10:31:49.398Z [application] info: [GET] /DSH2
2023-05-19T10:31:49.416Z [application] info: [GET] /
2023-05-19T10:31:59.963Z [application] info: [GET] /DSH2
2023-05-19T10:31:59.983Z [application] info: [GET] /DSH2
2023-05-19T10:31:59.995Z [application] info: [GET] /
2023-05-19T10:32:41.895Z [application] info: [GET] /DSH2
2023-05-19T10:32:41.953Z [application] info: [GET] /DSH2
2023-05-19T10:32:41.977Z [application] info: [GET] /
2023-05-19T10:33:04.308Z [application] info: [GET] /
2023-05-19T10:33:04.918Z [application] info: [GET] /
2023-05-19T10:33:05.398Z [application] info: [GET] /
2023-05-19T10:33:06.544Z [application] info: [GET] /
2023-05-19T10:33:06.565Z [application] info: [GET] /
2023-05-19T10:33:07.926Z [application] info: [GET] /
2023-05-19T10:33:16.113Z [application] info: [GET] /
2023-05-19T10:33:17.509Z [application] info: [GET] /DFY1sUWw6ctmZfU
2023-05-19T10:34:13.594Z [application] info: [GET] /DFY1sUWw6ctmZfU
2023-05-19T10:34:16.608Z [application] info: [GET] /DFY1sUWw6ctmZfU
2023-05-19T10:34:41.790Z [application] info: [GET] /DFY1sUWw6ctmZfU
2023-05-19T10:34:54.340Z [application] info: [GET] /DFY1sUWw6ctmZfU
2023-05-19T10:35:02.596Z [application] info: [GET] /
2023-05-19T10:35:02.630Z [application] info: [GET] /
2023-05-19T10:35:50.767Z [application] info: [OPTIONS] /dashboard
2023-05-19T10:35:50.806Z [application] info: [POST] /
2023-05-19T10:35:53.414Z [application] info: [GET] /
2023-05-19T10:35:53.485Z [application] info: [GET] /
2023-05-19T10:35:55.634Z [application] info: [GET] /DSH3
2023-05-19T10:35:55.693Z [application] info: [GET] /DSH3
2023-05-19T10:35:55.707Z [application] info: [GET] /
2023-05-19T10:36:01.484Z [application] info: [GET] /
