2023-05-15T17:00:33.745Z [application] info: [GET] /
2023-05-15T17:01:08.088Z [application] info: [GET] /
2023-05-15T17:01:27.353Z [application] info: [GET] /
2023-05-15T17:03:53.378Z [application] info: [GET] /
2023-05-15T17:04:02.568Z [application] info: [GET] /
2023-05-15T17:04:18.044Z [application] info: [GET] /
2023-05-15T17:04:26.986Z [application] info: [GET] /
2023-05-15T17:04:41.704Z [application] info: [GET] /
2023-05-15T17:05:07.584Z [application] info: [GET] /
2023-05-15T17:06:12.580Z [application] info: [GET] /
2023-05-15T17:06:40.317Z [application] info: [GET] /
2023-05-15T17:07:04.035Z [application] info: [GET] /
2023-05-15T17:07:04.050Z [application] info: [GET] /
2023-05-15T17:07:16.736Z [application] info: [GET] /
2023-05-15T17:07:16.780Z [application] info: [GET] /
2023-05-15T17:07:47.853Z [application] info: [GET] /
2023-05-15T17:07:47.931Z [application] info: [GET] /
2023-05-15T17:08:39.850Z [application] info: [GET] /
2023-05-15T17:08:39.869Z [application] info: [GET] /
2023-05-15T17:09:16.647Z [application] info: [GET] /
2023-05-15T17:09:16.663Z [application] info: [GET] /
2023-05-15T17:09:28.467Z [application] info: [GET] /
2023-05-15T17:09:28.477Z [application] info: [GET] /
2023-05-15T17:09:46.906Z [application] info: [GET] /
2023-05-15T17:09:46.926Z [application] info: [GET] /
2023-05-15T17:09:58.513Z [application] info: [GET] /
2023-05-15T17:09:58.541Z [application] info: [GET] /
2023-05-15T17:10:35.212Z [application] info: [GET] /
2023-05-15T17:10:35.252Z [application] info: [GET] /
2023-05-15T17:11:30.342Z [application] info: [GET] /
2023-05-15T17:11:30.359Z [application] info: [GET] /
2023-05-15T17:11:46.595Z [application] info: [GET] /
2023-05-15T17:11:46.612Z [application] info: [GET] /
2023-05-15T17:12:13.793Z [application] info: [GET] /
2023-05-15T17:12:13.816Z [application] info: [GET] /
2023-05-15T17:12:17.840Z [application] info: [GET] /
2023-05-15T17:12:17.879Z [application] info: [GET] /
2023-05-15T17:13:03.229Z [application] info: [GET] /
2023-05-15T17:13:03.245Z [application] info: [GET] /
2023-05-15T17:13:49.260Z [application] info: [GET] /
2023-05-15T17:13:49.283Z [application] info: [GET] /
2023-05-15T17:14:43.461Z [application] info: [GET] /
2023-05-15T17:14:43.496Z [application] info: [GET] /
2023-05-15T17:15:10.766Z [application] info: [GET] /
2023-05-15T17:15:10.775Z [application] info: [GET] /
2023-05-15T17:16:03.387Z [application] info: [GET] /
2023-05-15T17:16:03.400Z [application] info: [GET] /
2023-05-15T17:16:06.696Z [application] info: [GET] /
2023-05-15T17:16:06.752Z [application] info: [GET] /
2023-05-15T17:16:16.325Z [application] info: [GET] /
2023-05-15T17:16:16.413Z [application] info: [GET] /
2023-05-15T17:16:19.290Z [application] info: [GET] /
2023-05-15T17:16:19.357Z [application] info: [GET] /
2023-05-15T17:16:37.333Z [application] info: [GET] /
2023-05-15T17:16:37.367Z [application] info: [GET] /
2023-05-15T17:16:58.437Z [application] info: [GET] /
2023-05-15T17:16:58.483Z [application] info: [GET] /
2023-05-15T17:17:55.651Z [application] info: [GET] /
2023-05-15T17:17:55.754Z [application] info: [GET] /
2023-05-15T17:17:58.570Z [application] info: [GET] /
2023-05-15T17:17:58.697Z [application] info: [GET] /
2023-05-15T17:19:00.166Z [application] info: [GET] /
2023-05-15T17:19:00.275Z [application] info: [GET] /
2023-05-15T17:19:06.350Z [application] info: [GET] /
2023-05-15T17:19:06.491Z [application] info: [GET] /
2023-05-15T17:19:36.884Z [application] info: [GET] /
2023-05-15T17:19:36.968Z [application] info: [GET] /
2023-05-15T17:20:01.665Z [application] info: [GET] /
2023-05-15T17:20:01.689Z [application] info: [GET] /
2023-05-15T17:21:58.477Z [application] info: [GET] /
2023-05-15T17:21:58.615Z [application] info: [GET] /
2023-05-15T17:22:01.320Z [application] info: [GET] /
2023-05-15T17:22:01.405Z [application] info: [GET] /
2023-05-15T17:23:04.347Z [application] info: [GET] /
2023-05-15T17:23:04.411Z [application] info: [GET] /
2023-05-15T17:24:41.365Z [application] info: [GET] /
2023-05-15T17:24:41.372Z [application] info: [GET] /
2023-05-15T17:25:06.566Z [application] info: [GET] /
2023-05-15T17:25:06.625Z [application] info: [GET] /
2023-05-15T17:29:24.966Z [application] info: [GET] /
2023-05-15T17:29:24.977Z [application] info: [GET] /
2023-05-15T17:30:12.669Z [application] info: [GET] /
2023-05-15T17:30:12.684Z [application] info: [GET] /
2023-05-15T17:30:18.030Z [application] info: [GET] /
2023-05-15T17:30:18.119Z [application] info: [GET] /
2023-05-15T17:31:26.169Z [application] info: [GET] /
2023-05-15T17:31:26.203Z [application] info: [GET] /
2023-05-15T17:31:29.912Z [application] info: [GET] /
2023-05-15T17:31:30.074Z [application] info: [GET] /
2023-05-15T17:31:32.981Z [application] info: [GET] /
2023-05-15T17:31:33.055Z [application] info: [GET] /
2023-05-15T17:31:36.406Z [application] info: [GET] /
2023-05-15T17:31:36.445Z [application] info: [GET] /
2023-05-15T17:32:15.308Z [application] info: [OPTIONS] /dashboard
2023-05-15T17:32:15.563Z [application] error: value too long for type character varying(15),
                                       req: {"dashboardtitle":"DASH1","dashboarddesc":"DESC1","projectid":{"projectid":"PRJ1","userid":"DAVID1","projectname":"TEST1EDIT","projectdesc":"TEST1EDIT","lastaccess":"2023-05-14T17:10:04.075Z"}}
2023-05-15T17:32:15.564Z [application] info: [POST] /
2023-05-15T17:33:48.264Z [application] info: [GET] /
2023-05-15T17:33:48.310Z [application] info: [GET] /
2023-05-15T17:33:56.528Z [application] info: [OPTIONS] /dashboard
2023-05-15T17:33:56.534Z [application] error: value too long for type character varying(15),
                                       req: {"dashboardtitle":"DASH1","dashboarddesc":"DESC1","projectid":{"projectid":"PRJ1","userid":"DAVID1","projectname":"TEST1EDIT","projectdesc":"TEST1EDIT","lastaccess":"2023-05-14T17:10:04.075Z"}}
2023-05-15T17:33:56.535Z [application] info: [POST] /
2023-05-15T17:35:12.895Z [application] info: [OPTIONS] /dashboard
2023-05-15T17:35:12.946Z [application] error: value too long for type character varying(15),
                                       req: {"dashboardtitle":"DASH1","dashboarddesc":"DESC1","projectid":{"projectid":"PRJ2","userid":"DAVID1","projectname":"PRJ2","projectdesc":"PRJ2","lastaccess":null}}
2023-05-15T17:35:12.947Z [application] info: [POST] /
2023-05-15T17:35:25.575Z [application] info: [OPTIONS] /dashboard
2023-05-15T17:35:25.616Z [application] error: value too long for type character varying(15),
                                       req: {"dashboardtitle":"1","dashboarddesc":"1","projectid":{"projectid":"PRJ1","userid":"DAVID1","projectname":"TEST1EDIT","projectdesc":"TEST1EDIT","lastaccess":"2023-05-14T17:10:04.075Z"}}
2023-05-15T17:35:25.616Z [application] info: [POST] /
2023-05-15T17:36:00.425Z [application] info: [GET] /
2023-05-15T17:36:00.478Z [application] info: [GET] /
2023-05-15T17:36:03.456Z [application] info: [GET] /
2023-05-15T17:36:03.521Z [application] info: [GET] /
2023-05-15T17:36:23.907Z [application] info: [GET] /
2023-05-15T17:36:23.956Z [application] info: [GET] /
2023-05-15T17:36:26.914Z [application] info: [GET] /
2023-05-15T17:36:27.068Z [application] info: [GET] /
2023-05-15T17:37:55.849Z [application] info: [GET] /
2023-05-15T17:37:55.897Z [application] info: [GET] /
2023-05-15T17:38:01.467Z [application] info: [OPTIONS] /dashboard
2023-05-15T17:38:01.472Z [application] error: value too long for type character varying(15),
                                       req: {"dashboardtitle":"1","dashboarddesc":"1","projectid":{"projectid":"PRJ1","userid":"DAVID1","projectname":"TEST1EDIT","projectdesc":"TEST1EDIT","lastaccess":"2023-05-14T17:10:04.075Z"}}
2023-05-15T17:38:01.473Z [application] info: [POST] /
2023-05-15T17:38:46.707Z [application] info: [GET] /
2023-05-15T17:38:46.739Z [application] info: [GET] /
2023-05-15T17:38:49.315Z [application] info: [GET] /
2023-05-15T17:38:49.415Z [application] info: [GET] /
2023-05-15T17:38:57.673Z [application] info: [GET] /
2023-05-15T17:38:57.766Z [application] info: [GET] /
2023-05-15T17:38:59.238Z [application] info: [GET] /
2023-05-15T17:38:59.327Z [application] info: [GET] /
2023-05-15T17:39:09.282Z [application] info: [GET] /
2023-05-15T17:39:09.349Z [application] info: [GET] /
2023-05-15T17:39:12.897Z [application] info: [GET] /
2023-05-15T17:39:13.005Z [application] info: [GET] /
2023-05-15T17:39:26.978Z [application] info: [OPTIONS] /dashboard
2023-05-15T17:39:27.050Z [application] error: value too long for type character varying(15),
                                       req: {"dashboardtitle":"","dashboarddesc":"","projectid":{"projectid":"PRJ2","userid":"DAVID1","projectname":"PRJ2","projectdesc":"PRJ2","lastaccess":null}}
2023-05-15T17:39:27.051Z [application] info: [POST] /
2023-05-15T17:40:47.312Z [application] info: [GET] /
2023-05-15T17:40:47.325Z [application] info: [GET] /
2023-05-15T17:40:49.867Z [application] info: [GET] /
2023-05-15T17:40:49.903Z [application] info: [GET] /
2023-05-15T17:40:57.550Z [application] info: [OPTIONS] /dashboard
2023-05-15T17:40:57.555Z [application] error: value too long for type character varying(15),
                                       req: {"dashboardtitle":"1","dashboarddesc":"1","projectid":{"projectid":"PRJ1","userid":"DAVID1","projectname":"TEST1EDIT","projectdesc":"TEST1EDIT","lastaccess":"2023-05-14T17:10:04.075Z"}}
2023-05-15T17:40:57.556Z [application] info: [POST] /
2023-05-15T17:42:21.783Z [application] info: [GET] /
2023-05-15T17:42:21.802Z [application] info: [GET] /
2023-05-15T17:42:31.178Z [application] info: [OPTIONS] /dashboard
2023-05-15T17:42:31.185Z [application] error: value too long for type character varying(15),
                                       req: {"dashboardtitle":"dash1","dashboarddesc":"desc1","projectid":{"projectid":"PRJ1","userid":"DAVID1","projectname":"TEST1EDIT","projectdesc":"TEST1EDIT","lastaccess":"2023-05-14T17:10:04.075Z"}}
2023-05-15T17:42:31.186Z [application] info: [POST] /
2023-05-15T17:43:55.240Z [application] info: [GET] /
2023-05-15T17:43:55.252Z [application] info: [GET] /
2023-05-15T17:43:58.022Z [application] info: [GET] /
2023-05-15T17:43:58.049Z [application] info: [GET] /
2023-05-15T17:44:01.035Z [application] info: [GET] /
2023-05-15T17:44:01.060Z [application] info: [GET] /
2023-05-15T17:44:22.655Z [application] info: [GET] /
2023-05-15T17:44:22.667Z [application] info: [GET] /
2023-05-15T17:44:50.868Z [application] info: [GET] /
2023-05-15T17:44:50.911Z [application] info: [GET] /
2023-05-15T17:49:04.445Z [application] info: [GET] /
2023-05-15T17:49:04.523Z [application] info: [GET] /
2023-05-15T17:49:30.956Z [application] info: [GET] /
2023-05-15T17:49:30.978Z [application] info: [GET] /
2023-05-15T17:50:02.705Z [application] info: [GET] /
2023-05-15T17:50:02.730Z [application] info: [GET] /
2023-05-15T17:50:05.384Z [application] info: [GET] /
2023-05-15T17:50:05.471Z [application] info: [GET] /
2023-05-15T17:51:57.056Z [application] info: [GET] /
2023-05-15T17:51:57.091Z [application] info: [GET] /
2023-05-15T17:52:26.321Z [application] info: [GET] /
2023-05-15T17:52:26.335Z [application] info: [GET] /
2023-05-15T17:52:28.948Z [application] info: [GET] /
2023-05-15T17:52:28.981Z [application] info: [GET] /
2023-05-15T17:52:32.585Z [application] info: [GET] /
2023-05-15T17:52:32.657Z [application] info: [GET] /
2023-05-15T17:53:16.820Z [application] info: [GET] /
2023-05-15T17:53:16.861Z [application] info: [GET] /
2023-05-15T17:53:19.178Z [application] info: [GET] /
2023-05-15T17:53:19.278Z [application] info: [GET] /
2023-05-15T17:53:42.961Z [application] info: [GET] /
2023-05-15T17:53:43.027Z [application] info: [GET] /
2023-05-15T17:53:56.604Z [application] info: [GET] /
2023-05-15T17:53:56.619Z [application] info: [GET] /
2023-05-15T17:54:06.354Z [application] info: [GET] /
2023-05-15T17:54:06.384Z [application] info: [GET] /
2023-05-15T17:54:41.934Z [application] info: [GET] /
2023-05-15T17:54:41.947Z [application] info: [GET] /
2023-05-15T17:55:17.219Z [application] info: [GET] /
2023-05-15T17:55:17.237Z [application] info: [GET] /
2023-05-15T17:56:50.630Z [application] info: [GET] /
2023-05-15T17:56:50.644Z [application] info: [GET] /
2023-05-15T17:56:57.029Z [application] info: [GET] /
2023-05-15T17:56:57.125Z [application] info: [GET] /
2023-05-15T17:57:20.797Z [application] info: [GET] /
2023-05-15T17:57:20.829Z [application] info: [GET] /
2023-05-15T17:57:36.516Z [application] info: [GET] /
2023-05-15T17:57:36.531Z [application] info: [GET] /
2023-05-15T17:57:58.472Z [application] info: [GET] /
2023-05-15T17:57:58.494Z [application] info: [GET] /
2023-05-15T17:59:04.980Z [application] info: [GET] /
2023-05-15T17:59:04.991Z [application] info: [GET] /
2023-05-15T17:59:09.865Z [application] info: [GET] /
2023-05-15T17:59:09.949Z [application] info: [GET] /
2023-05-15T17:59:39.491Z [application] info: [GET] /
2023-05-15T17:59:39.527Z [application] info: [GET] /
2023-05-15T18:00:03.547Z [application] info: [GET] /
2023-05-15T18:00:03.555Z [application] info: [GET] /
2023-05-15T18:00:12.140Z [application] info: [GET] /
2023-05-15T18:00:12.195Z [application] info: [GET] /
2023-05-15T18:00:29.940Z [application] info: [OPTIONS] /dashboard
2023-05-15T18:00:29.988Z [application] info: [POST] /
2023-05-15T18:00:41.658Z [application] info: [GET] /
2023-05-15T18:00:41.704Z [application] info: [GET] /
2023-05-15T18:01:23.641Z [application] info: [GET] /
2023-05-15T18:01:23.650Z [application] info: [GET] /
2023-05-15T18:01:39.839Z [application] info: [GET] /
2023-05-15T18:01:39.850Z [application] info: [GET] /
2023-05-15T18:01:41.747Z [application] info: [GET] /
2023-05-15T18:01:41.794Z [application] info: [GET] /
2023-05-15T18:01:50.769Z [application] info: [GET] /
2023-05-15T18:01:50.819Z [application] info: [GET] /
2023-05-15T18:01:52.540Z [application] info: [GET] /
2023-05-15T18:01:52.615Z [application] info: [GET] /
2023-05-15T18:02:04.434Z [application] info: [OPTIONS] /dashboard
2023-05-15T18:02:04.476Z [application] info: [POST] /
2023-05-15T18:02:06.369Z [application] info: [GET] /
2023-05-15T18:02:06.420Z [application] info: [GET] /
