2023-05-14T09:31:58.176Z [application] info: [GET] /projects
2023-05-14T09:32:35.872Z [application] info: [GET] /projects
2023-05-14T09:33:43.921Z [application] error: password authentication failed for user "me",
                                       req: {}
2023-05-14T09:33:43.925Z [application] info: [GET] /
2023-05-14T09:39:40.084Z [application] error: password authentication failed for user "me",
                                       req: {}
2023-05-14T09:39:40.086Z [application] info: [GET] /
2023-05-14T09:46:10.048Z [application] error: password authentication failed for user "me",
                                       req: {}
2023-05-14T09:46:10.054Z [application] info: [GET] /
2023-05-14T09:46:40.150Z [application] info: [GET] /
2023-05-14T09:48:04.856Z [application] info: [GET] /
2023-05-14T10:21:11.054Z [application] error: Unhandled Rejection at: Promise [object Promise], reason: Error: data and salt arguments required
2023-05-14T10:22:16.720Z [application] info: [POST] /
2023-05-14T10:23:47.691Z [application] error: column "refreshtoken" of relation "userdata" does not exist,
                                       req: {"user":"GUNAWAN98","pwd":"123456"}
2023-05-14T10:23:47.692Z [application] info: [POST] /
2023-05-14T10:28:17.027Z [application] info: [POST] /
2023-05-14T10:36:50.583Z [application] info: [OPTIONS] /userauth
2023-05-14T10:36:50.631Z [application] info: [POST] /
2023-05-14T10:38:33.566Z [application] info: [POST] /
2023-05-14T10:39:52.616Z [application] info: [OPTIONS] /userauth
2023-05-14T10:39:52.622Z [application] info: [POST] /
2023-05-14T10:40:48.363Z [application] info: [OPTIONS] /userauth
2023-05-14T10:40:48.420Z [application] info: [POST] /
2023-05-14T10:46:53.620Z [application] info: [OPTIONS] /user
2023-05-14T10:46:53.725Z [application] info: [POST] /
2023-05-14T10:47:51.866Z [application] info: [OPTIONS] /user
2023-05-14T10:47:52.030Z [application] error: duplicate key value violates unique constraint "user_pkey",
                                       req: {"userid":"DAVID1","username":"davidivansantoso","password":"","email":"","role":"A","hashkey":"1234567"}
2023-05-14T10:47:52.032Z [application] info: [POST] /
2023-05-14T10:48:08.640Z [application] info: [OPTIONS] /user
2023-05-14T10:48:08.750Z [application] info: [POST] /
2023-05-14T10:50:39.030Z [application] info: [GET] /projects
2023-05-14T10:53:46.906Z [application] info: [GET] /GUNAWAN98
2023-05-14T10:54:36.830Z [application] info: [GET] /GUNAWAN98
2023-05-14T10:57:50.191Z [application] info: [OPTIONS] /projects
2023-05-14T10:57:50.195Z [application] info: [POST] /projects
2023-05-14T10:58:14.508Z [application] info: [OPTIONS] /projects
2023-05-14T10:58:14.513Z [application] info: [POST] /projects
2023-05-14T10:59:29.410Z [application] info: [OPTIONS] /project
2023-05-14T10:59:29.473Z [application] info: [POST] /
2023-05-14T11:00:03.155Z [application] info: [OPTIONS] /project
2023-05-14T11:00:03.208Z [application] info: [POST] /
2023-05-14T11:00:17.919Z [application] info: [GET] /projects
2023-05-14T11:00:22.760Z [application] info: [GET] /projects
2023-05-14T11:01:09.004Z [application] info: [GET] /
2023-05-14T11:02:02.715Z [application] info: [GET] /GUNAWAN98
2023-05-14T11:02:22.294Z [application] info: [GET] /
2023-05-14T11:08:49.418Z [application] info: [POST] /
2023-05-14T11:09:58.015Z [application] info: [GET] /
2023-05-14T11:11:03.685Z [application] info: [GET] /
2023-05-14T11:12:00.517Z [application] info: [OPTIONS] /project
2023-05-14T11:12:00.569Z [application] info: [DELETE] /
2023-05-14T11:12:14.906Z [application] info: [GET] /
2023-05-14T11:13:00.812Z [application] info: [OPTIONS] /project
2023-05-14T11:13:00.855Z [application] info: [DELETE] /
2023-05-14T11:13:27.619Z [application] info: [GET] /projects/PRJ1
2023-05-14T11:20:05.748Z [application] info: [GET] /
2023-05-14T11:20:07.137Z [application] info: [OPTIONS] /project
2023-05-14T11:20:07.138Z [application] info: [OPTIONS] /project
2023-05-14T11:20:07.148Z [application] info: [DELETE] /
2023-05-14T11:20:07.151Z [application] info: [DELETE] /
2023-05-14T11:20:13.894Z [application] info: [GET] /
2023-05-14T11:21:05.831Z [application] info: [DELETE] /
2023-05-14T11:21:31.798Z [application] info: [GET] /
2023-05-14T11:21:32.774Z [application] info: [OPTIONS] /project
2023-05-14T11:21:32.776Z [application] info: [OPTIONS] /project
2023-05-14T11:21:32.783Z [application] info: [DELETE] /
2023-05-14T11:21:32.785Z [application] info: [DELETE] /
2023-05-14T11:21:37.890Z [application] info: [GET] /
2023-05-14T11:22:05.027Z [application] info: [GET] /
2023-05-14T11:22:08.301Z [application] info: [GET] /
2023-05-14T11:22:12.093Z [application] info: [OPTIONS] /project
2023-05-14T11:22:12.095Z [application] info: [OPTIONS] /project
2023-05-14T11:22:12.100Z [application] info: [DELETE] /
2023-05-14T11:22:12.103Z [application] info: [DELETE] /
2023-05-14T11:22:25.950Z [application] info: [OPTIONS] /project
2023-05-14T11:22:25.952Z [application] info: [OPTIONS] /project
2023-05-14T11:22:26.008Z [application] info: [DELETE] /
2023-05-14T11:22:26.009Z [application] info: [DELETE] /
2023-05-14T11:23:02.039Z [application] info: [GET] /
2023-05-14T11:23:04.497Z [application] info: [OPTIONS] /project
2023-05-14T11:23:04.498Z [application] info: [OPTIONS] /project
2023-05-14T11:23:04.503Z [application] info: [DELETE] /
2023-05-14T11:23:04.506Z [application] info: [DELETE] /
2023-05-14T11:23:50.923Z [application] info: [OPTIONS] /project
2023-05-14T11:23:50.924Z [application] info: [OPTIONS] /project
2023-05-14T11:23:50.975Z [application] info: [DELETE] /
2023-05-14T11:23:50.979Z [application] info: [DELETE] /
2023-05-14T11:24:10.848Z [application] info: [GET] /
2023-05-14T11:24:53.791Z [application] info: [OPTIONS] /project
2023-05-14T11:24:53.792Z [application] info: [OPTIONS] /project
2023-05-14T11:24:53.839Z [application] info: [DELETE] /
2023-05-14T11:24:53.840Z [application] info: [DELETE] /
2023-05-14T11:26:01.116Z [application] info: [GET] /
2023-05-14T11:28:54.309Z [application] info: [GET] /
2023-05-14T11:29:02.994Z [application] info: [GET] /
2023-05-14T11:29:40.122Z [application] info: [GET] /
2023-05-14T11:31:44.557Z [application] info: [GET] /
2023-05-14T11:32:07.189Z [application] info: [GET] /
2023-05-14T11:32:12.488Z [application] info: [GET] /
2023-05-14T11:32:15.068Z [application] info: [GET] /
2023-05-14T11:32:33.319Z [application] info: [GET] /
2023-05-14T14:01:37.449Z [application] info: [GET] /
2023-05-14T14:12:23.096Z [application] info: [GET] /
2023-05-14T14:12:29.490Z [application] info: [GET] /
2023-05-14T14:12:59.851Z [application] info: [GET] /
2023-05-14T14:13:11.411Z [application] info: [GET] /
2023-05-14T14:13:29.398Z [application] info: [GET] /projects/PRJ1
2023-05-14T14:15:32.168Z [application] error: relation "projec" does not exist,
                                       req: {}
2023-05-14T14:15:32.169Z [application] info: [GET] /PRJ1
2023-05-14T14:16:05.212Z [application] error: relation "projec" does not exist,
                                       req: {}
2023-05-14T14:16:05.213Z [application] info: [GET] /PRJ1
2023-05-14T14:16:19.548Z [application] error: relation "projec" does not exist,
                                       req: {}
2023-05-14T14:16:19.552Z [application] info: [GET] /PRJ1
2023-05-14T14:16:49.699Z [application] info: [GET] /PRJ1
2023-05-14T14:18:01.473Z [application] info: [GET] /PRJ1
2023-05-14T14:18:14.940Z [application] info: [GET] /PRJ1
2023-05-14T14:19:05.539Z [application] info: [GET] /PRJ1
2023-05-14T14:19:21.008Z [application] info: [GET] /PRJ1
2023-05-14T14:19:23.775Z [application] info: [GET] /PRJ1
2023-05-14T14:20:57.076Z [application] info: [GET] /PRJ1
2023-05-14T14:20:59.574Z [application] info: [GET] /PRJ1
2023-05-14T14:21:14.977Z [application] info: [GET] /PRJ1
2023-05-14T14:21:19.105Z [application] info: [GET] /PRJ1
2023-05-14T14:21:45.149Z [application] info: [GET] /PRJ1
2023-05-14T14:22:04.531Z [application] info: [GET] /PRJ1
2023-05-14T14:22:17.194Z [application] info: [GET] /PRJ1
2023-05-14T14:22:51.480Z [application] info: [OPTIONS] /projects/undefined
2023-05-14T14:22:51.485Z [application] info: [PUT] /projects/undefined
2023-05-14T14:23:42.158Z [application] info: [GET] /PRJ1
2023-05-14T14:23:48.972Z [application] info: [OPTIONS] /projects/undefined
2023-05-14T14:23:48.980Z [application] info: [PUT] /projects/undefined
2023-05-14T14:24:17.901Z [application] info: [GET] /PRJ1
2023-05-14T14:24:19.944Z [application] info: [OPTIONS] /projects/undefined
2023-05-14T14:24:19.950Z [application] info: [PUT] /projects/undefined
2023-05-14T14:24:57.488Z [application] info: [GET] /PRJ1
2023-05-14T14:27:15.146Z [application] info: [GET] /PRJ1
2023-05-14T14:27:18.733Z [application] info: [GET] /PRJ1
2023-05-14T14:27:34.746Z [application] info: [GET] /PRJ1
2023-05-14T14:27:37.959Z [application] info: [OPTIONS] /projects/PRJ1
2023-05-14T14:27:38.102Z [application] info: [PUT] /projects/PRJ1
2023-05-14T14:27:55.335Z [application] info: [GET] /PRJ1
2023-05-14T14:27:58.020Z [application] info: [OPTIONS] /project/PRJ1
2023-05-14T14:27:58.026Z [application] info: [PUT] /project/PRJ1
2023-05-14T14:30:32.321Z [application] info: [GET] /PRJ1
2023-05-14T14:30:43.688Z [application] info: [OPTIONS] /project/PRJ1
2023-05-14T14:30:43.693Z [application] info: [PUT] /project/PRJ1
2023-05-14T14:31:11.705Z [application] info: [GET] /PRJ1
2023-05-14T14:31:13.597Z [application] info: [OPTIONS] /project/PRJ1
2023-05-14T14:31:13.614Z [application] info: [PUT] /project/PRJ1
2023-05-14T14:32:50.693Z [application] error: 1684074770693 Unexpected string in JSON at position 25
2023-05-14T14:32:50.694Z [application] info: [GET] /project/PRJ1
2023-05-14T14:33:00.844Z [application] info: [GET] /PRJ1
2023-05-14T14:33:43.992Z [application] info: [GET] /PRJ1
2023-05-14T14:33:49.497Z [application] info: [GET] /PRJ1
2023-05-14T14:34:35.958Z [application] info: [PUT] /project/PRJ1
2023-05-14T14:38:04.823Z [application] info: [PUT] /
2023-05-14T14:38:32.917Z [application] info: [GET] /PRJ1
2023-05-14T14:38:43.004Z [application] info: [GET] /PRJ1
2023-05-14T14:38:46.173Z [application] info: [GET] /PRJ1
2023-05-14T14:39:02.322Z [application] info: [GET] /PRJ1
2023-05-14T14:39:04.923Z [application] info: [GET] /PRJ1
2023-05-14T14:39:10.890Z [application] info: [OPTIONS] /project
2023-05-14T14:39:10.898Z [application] info: [PUT] /
2023-05-14T14:39:19.508Z [application] info: [GET] /PRJ1
2023-05-14T14:40:13.964Z [application] info: [GET] /
2023-05-14T14:40:57.682Z [application] info: [GET] /
2023-05-14T14:41:23.370Z [application] info: [OPTIONS] /project
2023-05-14T14:41:23.371Z [application] info: [OPTIONS] /project
2023-05-14T14:41:23.414Z [application] info: [DELETE] /
2023-05-14T14:41:23.416Z [application] info: [DELETE] /
2023-05-14T14:41:32.532Z [application] info: [OPTIONS] /project
2023-05-14T14:41:32.533Z [application] info: [OPTIONS] /project
2023-05-14T14:41:32.537Z [application] info: [DELETE] /
2023-05-14T14:41:32.580Z [application] info: [DELETE] /
2023-05-14T14:41:37.763Z [application] info: [GET] /
2023-05-14T14:42:10.506Z [application] info: [GET] /
2023-05-14T14:42:12.457Z [application] info: [GET] /
2023-05-14T14:42:13.943Z [application] info: [OPTIONS] /project
2023-05-14T14:42:13.945Z [application] info: [OPTIONS] /project
2023-05-14T14:42:13.949Z [application] info: [DELETE] /
2023-05-14T14:42:13.951Z [application] info: [DELETE] /
2023-05-14T14:42:20.900Z [application] info: [GET] /
2023-05-14T14:42:26.605Z [application] info: [OPTIONS] /project
2023-05-14T14:42:26.606Z [application] info: [OPTIONS] /project
2023-05-14T14:42:26.610Z [application] info: [DELETE] /
2023-05-14T14:42:26.612Z [application] info: [DELETE] /
2023-05-14T14:44:03.085Z [application] info: [GET] /
2023-05-14T14:44:03.963Z [application] info: [OPTIONS] /project
2023-05-14T14:44:03.971Z [application] info: [DELETE] /
2023-05-14T14:44:07.531Z [application] info: [GET] /
2023-05-14T14:44:50.575Z [application] info: [GET] /
2023-05-14T14:45:11.719Z [application] info: [GET] /
2023-05-14T14:45:13.536Z [application] info: [GET] /
2023-05-14T14:45:16.450Z [application] info: [OPTIONS] /project
2023-05-14T14:45:16.457Z [application] info: [DELETE] /
2023-05-14T14:46:11.712Z [application] info: [GET] /
2023-05-14T14:47:22.383Z [application] info: [GET] /
2023-05-14T14:47:28.657Z [application] info: [GET] /
2023-05-14T14:47:34.123Z [application] info: [GET] /
2023-05-14T14:47:34.825Z [application] info: [OPTIONS] /project
2023-05-14T14:47:34.832Z [application] info: [DELETE] /
2023-05-14T14:47:38.833Z [application] info: [GET] /
2023-05-14T14:48:16.187Z [application] info: [GET] /
2023-05-14T14:48:39.082Z [application] info: [GET] /
2023-05-14T14:48:40.395Z [application] info: [OPTIONS] /project
2023-05-14T14:48:40.400Z [application] info: [DELETE] /
2023-05-14T14:49:54.499Z [application] info: [GET] /
2023-05-14T14:50:01.982Z [application] info: [GET] /
2023-05-14T14:50:04.903Z [application] info: [OPTIONS] /project
2023-05-14T14:50:04.909Z [application] info: [DELETE] /
2023-05-14T14:50:15.629Z [application] info: [GET] /
2023-05-14T14:50:51.721Z [application] info: [OPTIONS] /project
2023-05-14T14:50:51.766Z [application] info: [DELETE] /
2023-05-14T14:51:07.149Z [application] info: [GET] /
2023-05-14T14:51:08.739Z [application] info: [GET] /
2023-05-14T14:51:10.353Z [application] info: [GET] /
2023-05-14T15:23:36.655Z [application] info: [OPTIONS] /device
2023-05-14T15:23:36.954Z [application] info: [POST] /
2023-05-14T15:28:42.417Z [application] info: [GET] /
2023-05-14T15:29:05.274Z [application] info: [GET] /
2023-05-14T15:29:07.679Z [application] info: [GET] /
2023-05-14T15:29:22.267Z [application] info: [GET] /
2023-05-14T15:29:36.818Z [application] info: [GET] /
2023-05-14T15:29:47.119Z [application] info: [OPTIONS] /device
2023-05-14T15:29:47.229Z [application] error: value too long for type character varying(25),
                                       req: {"ssid":"test","wifipass":"test","devname":"test","password":"EMPTY","devtype":"ESP32","devmodel":"NodeMCU 1.0 (ESP-12 E Module)"}
2023-05-14T15:29:47.230Z [application] info: [POST] /
2023-05-14T15:29:47.347Z [application] error: Error [ERR_HTTP_HEADERS_SENT]: Cannot set headers after they are sent to the client
    at new NodeError (node:internal/errors:372:5)
    at ServerResponse.setHeader (node:_http_outgoing:576:11)
    at ServerResponse.header (F:\KEPERLUAN KULIAH\SEMESTER 8\SKRIPSI\BACKEND\iot_backend\node_modules\express\lib\response.js:794:10)
    at ServerResponse.send (F:\KEPERLUAN KULIAH\SEMESTER 8\SKRIPSI\BACKEND\iot_backend\node_modules\express\lib\response.js:174:12)
    at ServerResponse.json (F:\KEPERLUAN KULIAH\SEMESTER 8\SKRIPSI\BACKEND\iot_backend\node_modules\express\lib\response.js:278:15)
    at F:\KEPERLUAN KULIAH\SEMESTER 8\SKRIPSI\BACKEND\iot_backend\controllers\deviceController.js:55:25
    at Query.callback (F:\KEPERLUAN KULIAH\SEMESTER 8\SKRIPSI\BACKEND\iot_backend\node_modules\pg-pool\index.js:423:18)
    at Query.handleReadyForQuery (F:\KEPERLUAN KULIAH\SEMESTER 8\SKRIPSI\BACKEND\iot_backend\node_modules\pg\lib\query.js:139:14)
    at Client._handleReadyForQuery (F:\KEPERLUAN KULIAH\SEMESTER 8\SKRIPSI\BACKEND\iot_backend\node_modules\pg\lib\client.js:303:19)
    at Connection.emit (node:events:527:28)
2023-05-14T15:30:33.376Z [application] info: [OPTIONS] /device
2023-05-14T15:30:33.529Z [application] info: [POST] /
2023-05-14T15:31:29.870Z [application] info: [GET] /
2023-05-14T15:32:21.661Z [application] info: [GET] /
2023-05-14T15:33:26.897Z [application] info: [GET] /undefined
2023-05-14T15:33:46.382Z [application] info: [GET] /
2023-05-14T15:33:47.316Z [application] info: [GET] /undefined
2023-05-14T15:33:49.518Z [application] info: [GET] /
2023-05-14T15:34:01.231Z [application] info: [GET] /
2023-05-14T15:34:06.430Z [application] info: [GET] /dkDixhbWTMojRDV
2023-05-14T15:36:01.401Z [application] info: [GET] /dkDixhbWTMojRDV
2023-05-14T15:36:21.032Z [application] info: [GET] /dkDixhbWTMojRDV
2023-05-14T15:36:59.313Z [application] info: [GET] /dkDixhbWTMojRDV
2023-05-14T15:37:00.121Z [application] info: [GET] /
2023-05-14T15:37:01.781Z [application] info: [GET] /dkDixhbWTMojRDV
2023-05-14T15:38:12.266Z [application] info: [GET] /dkDixhbWTMojRDV
2023-05-14T15:38:14.178Z [application] info: [GET] /dkDixhbWTMojRDV
2023-05-14T15:38:39.773Z [application] info: [GET] /dkDixhbWTMojRDV
2023-05-14T15:38:55.452Z [application] info: [GET] /dkDixhbWTMojRDV
2023-05-14T15:39:13.754Z [application] info: [GET] /dkDixhbWTMojRDV
2023-05-14T15:40:12.898Z [application] info: [GET] /dkDixhbWTMojRDV
2023-05-14T15:41:41.846Z [application] info: [GET] /dkDixhbWTMojRDV
2023-05-14T15:42:09.616Z [application] info: [GET] /dkDixhbWTMojRDV
2023-05-14T15:42:12.046Z [application] info: [OPTIONS] /device/undefined
2023-05-14T15:42:12.051Z [application] info: [PUT] /device/undefined
2023-05-14T15:43:18.702Z [application] info: [GET] /dkDixhbWTMojRDV
2023-05-14T15:43:20.648Z [application] info: [OPTIONS] /device/undefined
2023-05-14T15:43:20.652Z [application] info: [PUT] /device/undefined
2023-05-14T15:43:44.460Z [application] info: [GET] /dkDixhbWTMojRDV
2023-05-14T15:43:46.687Z [application] info: [OPTIONS] /device
2023-05-14T15:43:46.692Z [application] error: Unhandled Rejection at: Promise [object Promise], reason: Error: data and salt arguments required
2023-05-14T15:43:46.692Z [application] error: Unhandled Rejection at: Promise [object Promise], reason: Error: data and salt arguments required
2023-05-14T15:43:46.693Z [application] error: Unhandled Rejection at: Promise [object Promise], reason: Error: data and salt arguments required
2023-05-14T15:43:46.693Z [application] error: Unhandled Rejection at: Promise [object Promise], reason: Error: data and salt arguments required
2023-05-14T15:43:46.693Z [application] error: Unhandled Rejection at: Promise [object Promise], reason: Error: data and salt arguments required
2023-05-14T15:43:46.693Z [application] error: Unhandled Rejection at: Promise [object Promise], reason: Error: data and salt arguments required
2023-05-14T15:43:46.693Z [application] error: Unhandled Rejection at: Promise [object Promise], reason: Error: data and salt arguments required
2023-05-14T15:43:46.693Z [application] error: Unhandled Rejection at: Promise [object Promise], reason: Error: data and salt arguments required
2023-05-14T15:43:46.693Z [application] error: Unhandled Rejection at: Promise [object Promise], reason: Error: data and salt arguments required
2023-05-14T15:43:46.693Z [application] error: Unhandled Rejection at: Promise [object Promise], reason: Error: data and salt arguments required
2023-05-14T15:43:46.693Z [application] error: Unhandled Rejection at: Promise [object Promise], reason: Error: data and salt arguments required
2023-05-14T15:43:46.693Z [application] error: Unhandled Rejection at: Promise [object Promise], reason: Error: data and salt arguments required
2023-05-14T15:43:46.693Z [application] error: Unhandled Rejection at: Promise [object Promise], reason: Error: data and salt arguments required
2023-05-14T15:43:46.693Z [application] error: Unhandled Rejection at: Promise [object Promise], reason: Error: data and salt arguments required
2023-05-14T15:43:46.693Z [application] error: Unhandled Rejection at: Promise [object Promise], reason: Error: data and salt arguments required
2023-05-14T15:43:46.693Z [application] error: Unhandled Rejection at: Promise [object Promise], reason: Error: data and salt arguments required
2023-05-14T15:43:46.693Z [application] error: Unhandled Rejection at: Promise [object Promise], reason: Error: data and salt arguments required
2023-05-14T15:43:46.693Z [application] error: Unhandled Rejection at: Promise [object Promise], reason: Error: data and salt arguments required
2023-05-14T15:43:46.693Z [application] error: Unhandled Rejection at: Promise [object Promise], reason: Error: data and salt arguments required
2023-05-14T15:43:46.694Z [application] error: Unhandled Rejection at: Promise [object Promise], reason: Error: data and salt arguments required
2023-05-14T15:43:46.694Z [application] error: Unhandled Rejection at: Promise [object Promise], reason: Error: data and salt arguments required
2023-05-14T15:43:46.694Z [application] error: Unhandled Rejection at: Promise [object Promise], reason: Error: data and salt arguments required
2023-05-14T15:43:46.694Z [application] error: Unhandled Rejection at: Promise [object Promise], reason: Error: data and salt arguments required
2023-05-14T15:43:46.694Z [application] error: Unhandled Rejection at: Promise [object Promise], reason: Error: data and salt arguments required
2023-05-14T15:43:46.694Z [application] error: Unhandled Rejection at: Promise [object Promise], reason: Error: data and salt arguments required
2023-05-14T15:43:46.694Z [application] error: Unhandled Rejection at: Promise [object Promise], reason: Error: data and salt arguments required
2023-05-14T15:43:46.694Z [application] error: Unhandled Rejection at: Promise [object Promise], reason: Error: data and salt arguments required
2023-05-14T15:43:46.694Z [application] error: Unhandled Rejection at: Promise [object Promise], reason: Error: data and salt arguments required
2023-05-14T15:43:46.694Z [application] error: Unhandled Rejection at: Promise [object Promise], reason: Error: data and salt arguments required
2023-05-14T15:43:46.694Z [application] error: Unhandled Rejection at: Promise [object Promise], reason: Error: data and salt arguments required
2023-05-14T15:43:46.694Z [application] error: Unhandled Rejection at: Promise [object Promise], reason: Error: data and salt arguments required
2023-05-14T15:43:56.581Z [application] info: [OPTIONS] /device
2023-05-14T15:43:58.830Z [application] error: Unhandled Rejection at: Promise [object Promise], reason: Error: data and salt arguments required
2023-05-14T15:43:58.830Z [application] error: Unhandled Rejection at: Promise [object Promise], reason: Error: data and salt arguments required
2023-05-14T15:43:58.830Z [application] error: Unhandled Rejection at: Promise [object Promise], reason: Error: data and salt arguments required
2023-05-14T15:43:58.831Z [application] error: Unhandled Rejection at: Promise [object Promise], reason: Error: data and salt arguments required
2023-05-14T15:43:58.831Z [application] error: Unhandled Rejection at: Promise [object Promise], reason: Error: data and salt arguments required
2023-05-14T15:43:58.831Z [application] error: Unhandled Rejection at: Promise [object Promise], reason: Error: data and salt arguments required
2023-05-14T15:43:58.831Z [application] error: Unhandled Rejection at: Promise [object Promise], reason: Error: data and salt arguments required
2023-05-14T15:43:58.831Z [application] error: Unhandled Rejection at: Promise [object Promise], reason: Error: data and salt arguments required
2023-05-14T15:43:58.831Z [application] error: Unhandled Rejection at: Promise [object Promise], reason: Error: data and salt arguments required
2023-05-14T15:43:58.831Z [application] error: Unhandled Rejection at: Promise [object Promise], reason: Error: data and salt arguments required
2023-05-14T15:43:58.831Z [application] error: Unhandled Rejection at: Promise [object Promise], reason: Error: data and salt arguments required
2023-05-14T15:43:58.831Z [application] error: Unhandled Rejection at: Promise [object Promise], reason: Error: data and salt arguments required
2023-05-14T15:43:58.831Z [application] error: Unhandled Rejection at: Promise [object Promise], reason: Error: data and salt arguments required
2023-05-14T15:43:58.831Z [application] error: Unhandled Rejection at: Promise [object Promise], reason: Error: data and salt arguments required
2023-05-14T15:43:58.831Z [application] error: Unhandled Rejection at: Promise [object Promise], reason: Error: data and salt arguments required
2023-05-14T15:43:58.831Z [application] error: Unhandled Rejection at: Promise [object Promise], reason: Error: data and salt arguments required
2023-05-14T15:43:58.831Z [application] error: Unhandled Rejection at: Promise [object Promise], reason: Error: data and salt arguments required
2023-05-14T15:43:58.831Z [application] error: Unhandled Rejection at: Promise [object Promise], reason: Error: data and salt arguments required
2023-05-14T15:43:58.831Z [application] error: Unhandled Rejection at: Promise [object Promise], reason: Error: data and salt arguments required
2023-05-14T15:43:58.831Z [application] error: Unhandled Rejection at: Promise [object Promise], reason: Error: data and salt arguments required
2023-05-14T15:43:58.831Z [application] error: Unhandled Rejection at: Promise [object Promise], reason: Error: data and salt arguments required
2023-05-14T15:43:58.832Z [application] error: Unhandled Rejection at: Promise [object Promise], reason: Error: data and salt arguments required
2023-05-14T15:43:58.832Z [application] error: Unhandled Rejection at: Promise [object Promise], reason: Error: data and salt arguments required
2023-05-14T15:43:58.832Z [application] error: Unhandled Rejection at: Promise [object Promise], reason: Error: data and salt arguments required
2023-05-14T15:43:58.833Z [application] error: Unhandled Rejection at: Promise [object Promise], reason: Error: data and salt arguments required
2023-05-14T15:43:58.833Z [application] error: Unhandled Rejection at: Promise [object Promise], reason: Error: data and salt arguments required
2023-05-14T15:43:58.833Z [application] error: Unhandled Rejection at: Promise [object Promise], reason: Error: data and salt arguments required
2023-05-14T15:43:58.833Z [application] error: Unhandled Rejection at: Promise [object Promise], reason: Error: data and salt arguments required
2023-05-14T15:43:58.833Z [application] error: Unhandled Rejection at: Promise [object Promise], reason: Error: data and salt arguments required
2023-05-14T15:43:58.833Z [application] error: Unhandled Rejection at: Promise [object Promise], reason: Error: data and salt arguments required
2023-05-14T15:43:58.833Z [application] error: Unhandled Rejection at: Promise [object Promise], reason: Error: data and salt arguments required
2023-05-14T15:43:58.833Z [application] error: Unhandled Rejection at: Promise [object Promise], reason: Error: data and salt arguments required
2023-05-14T15:43:58.833Z [application] error: Unhandled Rejection at: Promise [object Promise], reason: Error: data and salt arguments required
2023-05-14T15:43:59.937Z [application] info: [GET] /dkDixhbWTMojRDV
2023-05-14T15:44:05.307Z [application] info: [OPTIONS] /device
2023-05-14T15:44:05.311Z [application] error: Unhandled Rejection at: Promise [object Promise], reason: Error: data and salt arguments required
2023-05-14T15:44:05.311Z [application] error: Unhandled Rejection at: Promise [object Promise], reason: Error: data and salt arguments required
2023-05-14T15:44:05.311Z [application] error: Unhandled Rejection at: Promise [object Promise], reason: Error: data and salt arguments required
2023-05-14T15:44:05.311Z [application] error: Unhandled Rejection at: Promise [object Promise], reason: Error: data and salt arguments required
2023-05-14T15:44:05.311Z [application] error: Unhandled Rejection at: Promise [object Promise], reason: Error: data and salt arguments required
2023-05-14T15:44:05.311Z [application] error: Unhandled Rejection at: Promise [object Promise], reason: Error: data and salt arguments required
2023-05-14T15:44:05.311Z [application] error: Unhandled Rejection at: Promise [object Promise], reason: Error: data and salt arguments required
2023-05-14T15:44:05.311Z [application] error: Unhandled Rejection at: Promise [object Promise], reason: Error: data and salt arguments required
2023-05-14T15:44:05.312Z [application] error: Unhandled Rejection at: Promise [object Promise], reason: Error: data and salt arguments required
2023-05-14T15:44:05.312Z [application] error: Unhandled Rejection at: Promise [object Promise], reason: Error: data and salt arguments required
2023-05-14T15:44:05.312Z [application] error: Unhandled Rejection at: Promise [object Promise], reason: Error: data and salt arguments required
2023-05-14T15:44:05.312Z [application] error: Unhandled Rejection at: Promise [object Promise], reason: Error: data and salt arguments required
2023-05-14T15:44:05.312Z [application] error: Unhandled Rejection at: Promise [object Promise], reason: Error: data and salt arguments required
2023-05-14T15:44:05.312Z [application] error: Unhandled Rejection at: Promise [object Promise], reason: Error: data and salt arguments required
2023-05-14T15:44:05.312Z [application] error: Unhandled Rejection at: Promise [object Promise], reason: Error: data and salt arguments required
2023-05-14T15:44:05.312Z [application] error: Unhandled Rejection at: Promise [object Promise], reason: Error: data and salt arguments required
2023-05-14T15:44:05.312Z [application] error: Unhandled Rejection at: Promise [object Promise], reason: Error: data and salt arguments required
2023-05-14T15:44:05.312Z [application] error: Unhandled Rejection at: Promise [object Promise], reason: Error: data and salt arguments required
2023-05-14T15:44:05.312Z [application] error: Unhandled Rejection at: Promise [object Promise], reason: Error: data and salt arguments required
2023-05-14T15:44:05.312Z [application] error: Unhandled Rejection at: Promise [object Promise], reason: Error: data and salt arguments required
2023-05-14T15:44:05.312Z [application] error: Unhandled Rejection at: Promise [object Promise], reason: Error: data and salt arguments required
2023-05-14T15:44:05.312Z [application] error: Unhandled Rejection at: Promise [object Promise], reason: Error: data and salt arguments required
2023-05-14T15:44:05.312Z [application] error: Unhandled Rejection at: Promise [object Promise], reason: Error: data and salt arguments required
2023-05-14T15:44:05.312Z [application] error: Unhandled Rejection at: Promise [object Promise], reason: Error: data and salt arguments required
2023-05-14T15:44:05.312Z [application] error: Unhandled Rejection at: Promise [object Promise], reason: Error: data and salt arguments required
2023-05-14T15:44:05.312Z [application] error: Unhandled Rejection at: Promise [object Promise], reason: Error: data and salt arguments required
2023-05-14T15:44:05.313Z [application] error: Unhandled Rejection at: Promise [object Promise], reason: Error: data and salt arguments required
2023-05-14T15:44:05.313Z [application] error: Unhandled Rejection at: Promise [object Promise], reason: Error: data and salt arguments required
2023-05-14T15:44:05.313Z [application] error: Unhandled Rejection at: Promise [object Promise], reason: Error: data and salt arguments required
2023-05-14T15:44:05.313Z [application] error: Unhandled Rejection at: Promise [object Promise], reason: Error: data and salt arguments required
2023-05-14T15:44:05.313Z [application] error: Unhandled Rejection at: Promise [object Promise], reason: Error: data and salt arguments required
2023-05-14T15:44:05.313Z [application] error: Unhandled Rejection at: Promise [object Promise], reason: Error: data and salt arguments required
2023-05-14T15:44:05.313Z [application] error: Unhandled Rejection at: Promise [object Promise], reason: Error: data and salt arguments required
2023-05-14T15:44:05.313Z [application] error: Unhandled Rejection at: Promise [object Promise], reason: Error: data and salt arguments required
2023-05-14T15:44:05.313Z [application] error: Unhandled Rejection at: Promise [object Promise], reason: Error: data and salt arguments required
2023-05-14T15:44:05.313Z [application] error: Unhandled Rejection at: Promise [object Promise], reason: Error: data and salt arguments required
2023-05-14T15:44:06.244Z [application] error: Unhandled Rejection at: Promise [object Promise], reason: Error: data and salt arguments required
2023-05-14T15:44:06.244Z [application] error: Unhandled Rejection at: Promise [object Promise], reason: Error: data and salt arguments required
2023-05-14T15:44:06.244Z [application] error: Unhandled Rejection at: Promise [object Promise], reason: Error: data and salt arguments required
2023-05-14T15:44:06.244Z [application] error: Unhandled Rejection at: Promise [object Promise], reason: Error: data and salt arguments required
2023-05-14T15:44:06.244Z [application] error: Unhandled Rejection at: Promise [object Promise], reason: Error: data and salt arguments required
2023-05-14T15:44:06.245Z [application] error: Unhandled Rejection at: Promise [object Promise], reason: Error: data and salt arguments required
2023-05-14T15:44:06.245Z [application] error: Unhandled Rejection at: Promise [object Promise], reason: Error: data and salt arguments required
2023-05-14T15:44:06.245Z [application] error: Unhandled Rejection at: Promise [object Promise], reason: Error: data and salt arguments required
2023-05-14T15:44:06.245Z [application] error: Unhandled Rejection at: Promise [object Promise], reason: Error: data and salt arguments required
2023-05-14T15:44:06.245Z [application] error: Unhandled Rejection at: Promise [object Promise], reason: Error: data and salt arguments required
2023-05-14T15:44:06.245Z [application] error: Unhandled Rejection at: Promise [object Promise], reason: Error: data and salt arguments required
2023-05-14T15:44:06.245Z [application] error: Unhandled Rejection at: Promise [object Promise], reason: Error: data and salt arguments required
2023-05-14T15:44:06.245Z [application] error: Unhandled Rejection at: Promise [object Promise], reason: Error: data and salt arguments required
2023-05-14T15:44:06.245Z [application] error: Unhandled Rejection at: Promise [object Promise], reason: Error: data and salt arguments required
2023-05-14T15:44:06.245Z [application] error: Unhandled Rejection at: Promise [object Promise], reason: Error: data and salt arguments required
2023-05-14T15:44:06.245Z [application] error: Unhandled Rejection at: Promise [object Promise], reason: Error: data and salt arguments required
2023-05-14T15:44:06.245Z [application] error: Unhandled Rejection at: Promise [object Promise], reason: Error: data and salt arguments required
2023-05-14T15:44:06.245Z [application] error: Unhandled Rejection at: Promise [object Promise], reason: Error: data and salt arguments required
2023-05-14T15:44:06.245Z [application] error: Unhandled Rejection at: Promise [object Promise], reason: Error: data and salt arguments required
2023-05-14T15:44:06.245Z [application] error: Unhandled Rejection at: Promise [object Promise], reason: Error: data and salt arguments required
2023-05-14T15:44:06.245Z [application] error: Unhandled Rejection at: Promise [object Promise], reason: Error: data and salt arguments required
2023-05-14T15:44:06.245Z [application] error: Unhandled Rejection at: Promise [object Promise], reason: Error: data and salt arguments required
2023-05-14T15:44:06.245Z [application] error: Unhandled Rejection at: Promise [object Promise], reason: Error: data and salt arguments required
2023-05-14T15:44:06.245Z [application] error: Unhandled Rejection at: Promise [object Promise], reason: Error: data and salt arguments required
2023-05-14T15:44:06.245Z [application] error: Unhandled Rejection at: Promise [object Promise], reason: Error: data and salt arguments required
2023-05-14T15:44:06.245Z [application] error: Unhandled Rejection at: Promise [object Promise], reason: Error: data and salt arguments required
2023-05-14T15:44:06.245Z [application] error: Unhandled Rejection at: Promise [object Promise], reason: Error: data and salt arguments required
2023-05-14T15:44:06.245Z [application] error: Unhandled Rejection at: Promise [object Promise], reason: Error: data and salt arguments required
2023-05-14T15:44:06.245Z [application] error: Unhandled Rejection at: Promise [object Promise], reason: Error: data and salt arguments required
2023-05-14T15:44:06.245Z [application] error: Unhandled Rejection at: Promise [object Promise], reason: Error: data and salt arguments required
2023-05-14T15:44:06.245Z [application] error: Unhandled Rejection at: Promise [object Promise], reason: Error: data and salt arguments required
2023-05-14T15:44:06.245Z [application] error: Unhandled Rejection at: Promise [object Promise], reason: Error: data and salt arguments required
2023-05-14T15:44:06.246Z [application] error: Unhandled Rejection at: Promise [object Promise], reason: Error: data and salt arguments required
2023-05-14T15:44:06.246Z [application] error: Unhandled Rejection at: Promise [object Promise], reason: Error: data and salt arguments required
2023-05-14T15:44:06.246Z [application] error: Unhandled Rejection at: Promise [object Promise], reason: Error: data and salt arguments required
2023-05-14T15:44:06.246Z [application] error: Unhandled Rejection at: Promise [object Promise], reason: Error: data and salt arguments required
2023-05-14T15:44:06.246Z [application] error: Unhandled Rejection at: Promise [object Promise], reason: Error: data and salt arguments required
2023-05-14T15:44:36.741Z [application] info: [GET] /dkDixhbWTMojRDV
2023-05-14T15:44:43.016Z [application] info: [GET] /
2023-05-14T15:44:43.951Z [application] info: [GET] /dkDixhbWTMojRDV
2023-05-14T15:44:45.941Z [application] info: [OPTIONS] /device
2023-05-14T15:44:45.945Z [application] error: Unhandled Rejection at: Promise [object Promise], reason: Error: data and salt arguments required
2023-05-14T15:44:45.945Z [application] error: Unhandled Rejection at: Promise [object Promise], reason: Error: data and salt arguments required
2023-05-14T15:44:45.945Z [application] error: Unhandled Rejection at: Promise [object Promise], reason: Error: data and salt arguments required
2023-05-14T15:44:45.945Z [application] error: Unhandled Rejection at: Promise [object Promise], reason: Error: data and salt arguments required
2023-05-14T15:44:45.945Z [application] error: Unhandled Rejection at: Promise [object Promise], reason: Error: data and salt arguments required
2023-05-14T15:44:45.946Z [application] error: Unhandled Rejection at: Promise [object Promise], reason: Error: data and salt arguments required
2023-05-14T15:44:45.946Z [application] error: Unhandled Rejection at: Promise [object Promise], reason: Error: data and salt arguments required
2023-05-14T15:44:45.946Z [application] error: Unhandled Rejection at: Promise [object Promise], reason: Error: data and salt arguments required
2023-05-14T15:44:45.946Z [application] error: Unhandled Rejection at: Promise [object Promise], reason: Error: data and salt arguments required
2023-05-14T15:44:45.946Z [application] error: Unhandled Rejection at: Promise [object Promise], reason: Error: data and salt arguments required
2023-05-14T15:44:45.946Z [application] error: Unhandled Rejection at: Promise [object Promise], reason: Error: data and salt arguments required
2023-05-14T15:44:45.946Z [application] error: Unhandled Rejection at: Promise [object Promise], reason: Error: data and salt arguments required
2023-05-14T15:44:45.946Z [application] error: Unhandled Rejection at: Promise [object Promise], reason: Error: data and salt arguments required
2023-05-14T15:44:45.946Z [application] error: Unhandled Rejection at: Promise [object Promise], reason: Error: data and salt arguments required
2023-05-14T15:44:45.946Z [application] error: Unhandled Rejection at: Promise [object Promise], reason: Error: data and salt arguments required
2023-05-14T15:44:45.946Z [application] error: Unhandled Rejection at: Promise [object Promise], reason: Error: data and salt arguments required
2023-05-14T15:44:45.946Z [application] error: Unhandled Rejection at: Promise [object Promise], reason: Error: data and salt arguments required
2023-05-14T15:44:45.946Z [application] error: Unhandled Rejection at: Promise [object Promise], reason: Error: data and salt arguments required
2023-05-14T15:44:45.946Z [application] error: Unhandled Rejection at: Promise [object Promise], reason: Error: data and salt arguments required
2023-05-14T15:44:45.946Z [application] error: Unhandled Rejection at: Promise [object Promise], reason: Error: data and salt arguments required
2023-05-14T15:44:45.946Z [application] error: Unhandled Rejection at: Promise [object Promise], reason: Error: data and salt arguments required
2023-05-14T15:44:45.947Z [application] error: Unhandled Rejection at: Promise [object Promise], reason: Error: data and salt arguments required
2023-05-14T15:44:45.947Z [application] error: Unhandled Rejection at: Promise [object Promise], reason: Error: data and salt arguments required
2023-05-14T15:44:45.947Z [application] error: Unhandled Rejection at: Promise [object Promise], reason: Error: data and salt arguments required
2023-05-14T15:44:45.947Z [application] error: Unhandled Rejection at: Promise [object Promise], reason: Error: data and salt arguments required
2023-05-14T15:44:45.947Z [application] error: Unhandled Rejection at: Promise [object Promise], reason: Error: data and salt arguments required
2023-05-14T15:44:45.947Z [application] error: Unhandled Rejection at: Promise [object Promise], reason: Error: data and salt arguments required
2023-05-14T15:44:45.947Z [application] error: Unhandled Rejection at: Promise [object Promise], reason: Error: data and salt arguments required
2023-05-14T15:44:45.947Z [application] error: Unhandled Rejection at: Promise [object Promise], reason: Error: data and salt arguments required
2023-05-14T15:44:45.947Z [application] error: Unhandled Rejection at: Promise [object Promise], reason: Error: data and salt arguments required
2023-05-14T15:44:45.947Z [application] error: Unhandled Rejection at: Promise [object Promise], reason: Error: data and salt arguments required
2023-05-14T15:44:45.947Z [application] error: Unhandled Rejection at: Promise [object Promise], reason: Error: data and salt arguments required
2023-05-14T15:44:45.947Z [application] error: Unhandled Rejection at: Promise [object Promise], reason: Error: data and salt arguments required
2023-05-14T15:44:45.947Z [application] error: Unhandled Rejection at: Promise [object Promise], reason: Error: data and salt arguments required
2023-05-14T15:44:45.947Z [application] error: Unhandled Rejection at: Promise [object Promise], reason: Error: data and salt arguments required
2023-05-14T15:44:45.947Z [application] error: Unhandled Rejection at: Promise [object Promise], reason: Error: data and salt arguments required
2023-05-14T15:44:45.947Z [application] error: Unhandled Rejection at: Promise [object Promise], reason: Error: data and salt arguments required
2023-05-14T15:44:45.947Z [application] error: Unhandled Rejection at: Promise [object Promise], reason: Error: data and salt arguments required
2023-05-14T15:44:45.947Z [application] error: Unhandled Rejection at: Promise [object Promise], reason: Error: data and salt arguments required
2023-05-14T15:44:45.947Z [application] error: Unhandled Rejection at: Promise [object Promise], reason: Error: data and salt arguments required
2023-05-14T15:44:45.947Z [application] error: Unhandled Rejection at: Promise [object Promise], reason: Error: data and salt arguments required
2023-05-14T15:44:45.947Z [application] error: Unhandled Rejection at: Promise [object Promise], reason: Error: data and salt arguments required
2023-05-14T15:45:23.953Z [application] info: [GET] /dkDixhbWTMojRDV
2023-05-14T15:45:26.680Z [application] info: [OPTIONS] /device
2023-05-14T15:45:42.846Z [application] info: [OPTIONS] /device
2023-05-14T15:45:46.698Z [application] error: Unhandled Rejection at: Promise [object Promise], reason: Error: data and salt arguments required
2023-05-14T15:45:46.699Z [application] error: Unhandled Rejection at: Promise [object Promise], reason: Error: data and salt arguments required
2023-05-14T15:45:46.699Z [application] error: Unhandled Rejection at: Promise [object Promise], reason: Error: data and salt arguments required
2023-05-14T15:45:46.699Z [application] error: Unhandled Rejection at: Promise [object Promise], reason: Error: data and salt arguments required
2023-05-14T15:45:46.699Z [application] error: Unhandled Rejection at: Promise [object Promise], reason: Error: data and salt arguments required
2023-05-14T15:45:46.699Z [application] error: Unhandled Rejection at: Promise [object Promise], reason: Error: data and salt arguments required
2023-05-14T15:45:46.699Z [application] error: Unhandled Rejection at: Promise [object Promise], reason: Error: data and salt arguments required
2023-05-14T15:45:46.699Z [application] error: Unhandled Rejection at: Promise [object Promise], reason: Error: data and salt arguments required
2023-05-14T15:45:46.699Z [application] error: Unhandled Rejection at: Promise [object Promise], reason: Error: data and salt arguments required
2023-05-14T15:45:46.699Z [application] error: Unhandled Rejection at: Promise [object Promise], reason: Error: data and salt arguments required
2023-05-14T15:45:46.699Z [application] error: Unhandled Rejection at: Promise [object Promise], reason: Error: data and salt arguments required
2023-05-14T15:45:46.699Z [application] error: Unhandled Rejection at: Promise [object Promise], reason: Error: data and salt arguments required
2023-05-14T15:45:46.699Z [application] error: Unhandled Rejection at: Promise [object Promise], reason: Error: data and salt arguments required
2023-05-14T15:45:46.699Z [application] error: Unhandled Rejection at: Promise [object Promise], reason: Error: data and salt arguments required
2023-05-14T15:45:46.699Z [application] error: Unhandled Rejection at: Promise [object Promise], reason: Error: data and salt arguments required
2023-05-14T15:45:46.699Z [application] error: Unhandled Rejection at: Promise [object Promise], reason: Error: data and salt arguments required
2023-05-14T15:45:46.699Z [application] error: Unhandled Rejection at: Promise [object Promise], reason: Error: data and salt arguments required
2023-05-14T15:45:46.700Z [application] error: Unhandled Rejection at: Promise [object Promise], reason: Error: data and salt arguments required
2023-05-14T15:45:46.700Z [application] error: Unhandled Rejection at: Promise [object Promise], reason: Error: data and salt arguments required
2023-05-14T15:45:46.700Z [application] error: Unhandled Rejection at: Promise [object Promise], reason: Error: data and salt arguments required
2023-05-14T15:45:46.700Z [application] error: Unhandled Rejection at: Promise [object Promise], reason: Error: data and salt arguments required
2023-05-14T15:45:46.700Z [application] error: Unhandled Rejection at: Promise [object Promise], reason: Error: data and salt arguments required
2023-05-14T15:45:46.700Z [application] error: Unhandled Rejection at: Promise [object Promise], reason: Error: data and salt arguments required
2023-05-14T15:45:46.700Z [application] error: Unhandled Rejection at: Promise [object Promise], reason: Error: data and salt arguments required
2023-05-14T15:45:46.700Z [application] error: Unhandled Rejection at: Promise [object Promise], reason: Error: data and salt arguments required
2023-05-14T15:45:46.700Z [application] error: Unhandled Rejection at: Promise [object Promise], reason: Error: data and salt arguments required
2023-05-14T15:45:46.700Z [application] error: Unhandled Rejection at: Promise [object Promise], reason: Error: data and salt arguments required
2023-05-14T15:45:46.700Z [application] error: Unhandled Rejection at: Promise [object Promise], reason: Error: data and salt arguments required
2023-05-14T15:45:46.700Z [application] error: Unhandled Rejection at: Promise [object Promise], reason: Error: data and salt arguments required
2023-05-14T15:45:46.700Z [application] error: Unhandled Rejection at: Promise [object Promise], reason: Error: data and salt arguments required
2023-05-14T15:45:46.700Z [application] error: Unhandled Rejection at: Promise [object Promise], reason: Error: data and salt arguments required
2023-05-14T15:45:46.700Z [application] error: Unhandled Rejection at: Promise [object Promise], reason: Error: data and salt arguments required
2023-05-14T15:45:46.700Z [application] error: Unhandled Rejection at: Promise [object Promise], reason: Error: data and salt arguments required
2023-05-14T15:45:46.700Z [application] error: Unhandled Rejection at: Promise [object Promise], reason: Error: data and salt arguments required
2023-05-14T15:45:46.700Z [application] error: Unhandled Rejection at: Promise [object Promise], reason: Error: data and salt arguments required
2023-05-14T15:45:46.701Z [application] error: Unhandled Rejection at: Promise [object Promise], reason: Error: data and salt arguments required
2023-05-14T15:45:46.701Z [application] error: Unhandled Rejection at: Promise [object Promise], reason: Error: data and salt arguments required
2023-05-14T15:45:46.701Z [application] error: Unhandled Rejection at: Promise [object Promise], reason: Error: data and salt arguments required
2023-05-14T15:45:46.701Z [application] error: Unhandled Rejection at: Promise [object Promise], reason: Error: data and salt arguments required
2023-05-14T15:45:46.701Z [application] error: Unhandled Rejection at: Promise [object Promise], reason: Error: data and salt arguments required
2023-05-14T15:45:46.701Z [application] error: Unhandled Rejection at: Promise [object Promise], reason: Error: data and salt arguments required
2023-05-14T15:45:46.701Z [application] error: Unhandled Rejection at: Promise [object Promise], reason: Error: data and salt arguments required
2023-05-14T15:45:46.701Z [application] error: Unhandled Rejection at: Promise [object Promise], reason: Error: data and salt arguments required
2023-05-14T15:45:46.701Z [application] error: Unhandled Rejection at: Promise [object Promise], reason: Error: data and salt arguments required
2023-05-14T15:45:46.701Z [application] error: Unhandled Rejection at: Promise [object Promise], reason: Error: data and salt arguments required
2023-05-14T15:45:46.701Z [application] error: Unhandled Rejection at: Promise [object Promise], reason: Error: data and salt arguments required
2023-05-14T15:46:02.854Z [application] error: Unhandled Rejection at: Promise [object Promise], reason: Error: data and salt arguments required
2023-05-14T15:46:02.855Z [application] error: Unhandled Rejection at: Promise [object Promise], reason: Error: data and salt arguments required
2023-05-14T15:46:02.855Z [application] error: Unhandled Rejection at: Promise [object Promise], reason: Error: data and salt arguments required
2023-05-14T15:46:02.855Z [application] error: Unhandled Rejection at: Promise [object Promise], reason: Error: data and salt arguments required
2023-05-14T15:46:02.855Z [application] error: Unhandled Rejection at: Promise [object Promise], reason: Error: data and salt arguments required
2023-05-14T15:46:02.855Z [application] error: Unhandled Rejection at: Promise [object Promise], reason: Error: data and salt arguments required
2023-05-14T15:46:02.855Z [application] error: Unhandled Rejection at: Promise [object Promise], reason: Error: data and salt arguments required
2023-05-14T15:46:02.855Z [application] error: Unhandled Rejection at: Promise [object Promise], reason: Error: data and salt arguments required
2023-05-14T15:46:02.855Z [application] error: Unhandled Rejection at: Promise [object Promise], reason: Error: data and salt arguments required
2023-05-14T15:46:02.855Z [application] error: Unhandled Rejection at: Promise [object Promise], reason: Error: data and salt arguments required
2023-05-14T15:46:02.855Z [application] error: Unhandled Rejection at: Promise [object Promise], reason: Error: data and salt arguments required
2023-05-14T15:46:02.855Z [application] error: Unhandled Rejection at: Promise [object Promise], reason: Error: data and salt arguments required
2023-05-14T15:46:02.855Z [application] error: Unhandled Rejection at: Promise [object Promise], reason: Error: data and salt arguments required
2023-05-14T15:46:02.855Z [application] error: Unhandled Rejection at: Promise [object Promise], reason: Error: data and salt arguments required
2023-05-14T15:46:02.855Z [application] error: Unhandled Rejection at: Promise [object Promise], reason: Error: data and salt arguments required
2023-05-14T15:46:02.855Z [application] error: Unhandled Rejection at: Promise [object Promise], reason: Error: data and salt arguments required
2023-05-14T15:46:02.855Z [application] error: Unhandled Rejection at: Promise [object Promise], reason: Error: data and salt arguments required
2023-05-14T15:46:02.855Z [application] error: Unhandled Rejection at: Promise [object Promise], reason: Error: data and salt arguments required
2023-05-14T15:46:02.855Z [application] error: Unhandled Rejection at: Promise [object Promise], reason: Error: data and salt arguments required
2023-05-14T15:46:02.855Z [application] error: Unhandled Rejection at: Promise [object Promise], reason: Error: data and salt arguments required
2023-05-14T15:46:02.855Z [application] error: Unhandled Rejection at: Promise [object Promise], reason: Error: data and salt arguments required
2023-05-14T15:46:02.855Z [application] error: Unhandled Rejection at: Promise [object Promise], reason: Error: data and salt arguments required
2023-05-14T15:46:02.855Z [application] error: Unhandled Rejection at: Promise [object Promise], reason: Error: data and salt arguments required
2023-05-14T15:46:02.855Z [application] error: Unhandled Rejection at: Promise [object Promise], reason: Error: data and salt arguments required
2023-05-14T15:46:02.855Z [application] error: Unhandled Rejection at: Promise [object Promise], reason: Error: data and salt arguments required
2023-05-14T15:46:02.855Z [application] error: Unhandled Rejection at: Promise [object Promise], reason: Error: data and salt arguments required
2023-05-14T15:46:02.855Z [application] error: Unhandled Rejection at: Promise [object Promise], reason: Error: data and salt arguments required
2023-05-14T15:46:02.856Z [application] error: Unhandled Rejection at: Promise [object Promise], reason: Error: data and salt arguments required
2023-05-14T15:46:02.856Z [application] error: Unhandled Rejection at: Promise [object Promise], reason: Error: data and salt arguments required
2023-05-14T15:46:02.856Z [application] error: Unhandled Rejection at: Promise [object Promise], reason: Error: data and salt arguments required
2023-05-14T15:46:02.856Z [application] error: Unhandled Rejection at: Promise [object Promise], reason: Error: data and salt arguments required
2023-05-14T15:46:02.856Z [application] error: Unhandled Rejection at: Promise [object Promise], reason: Error: data and salt arguments required
2023-05-14T15:46:02.856Z [application] error: Unhandled Rejection at: Promise [object Promise], reason: Error: data and salt arguments required
2023-05-14T15:46:02.856Z [application] error: Unhandled Rejection at: Promise [object Promise], reason: Error: data and salt arguments required
2023-05-14T15:46:02.856Z [application] error: Unhandled Rejection at: Promise [object Promise], reason: Error: data and salt arguments required
2023-05-14T15:46:02.856Z [application] error: Unhandled Rejection at: Promise [object Promise], reason: Error: data and salt arguments required
2023-05-14T15:46:02.856Z [application] error: Unhandled Rejection at: Promise [object Promise], reason: Error: data and salt arguments required
2023-05-14T15:46:02.856Z [application] error: Unhandled Rejection at: Promise [object Promise], reason: Error: data and salt arguments required
2023-05-14T15:46:02.856Z [application] error: Unhandled Rejection at: Promise [object Promise], reason: Error: data and salt arguments required
2023-05-14T15:46:02.856Z [application] error: Unhandled Rejection at: Promise [object Promise], reason: Error: data and salt arguments required
2023-05-14T15:46:02.856Z [application] error: Unhandled Rejection at: Promise [object Promise], reason: Error: data and salt arguments required
2023-05-14T15:46:02.856Z [application] error: Unhandled Rejection at: Promise [object Promise], reason: Error: data and salt arguments required
2023-05-14T15:46:02.856Z [application] error: Unhandled Rejection at: Promise [object Promise], reason: Error: data and salt arguments required
2023-05-14T15:46:02.856Z [application] error: Unhandled Rejection at: Promise [object Promise], reason: Error: data and salt arguments required
2023-05-14T15:46:02.856Z [application] error: Unhandled Rejection at: Promise [object Promise], reason: Error: data and salt arguments required
2023-05-14T15:46:02.856Z [application] error: Unhandled Rejection at: Promise [object Promise], reason: Error: data and salt arguments required
2023-05-14T15:46:02.856Z [application] error: Unhandled Rejection at: Promise [object Promise], reason: Error: data and salt arguments required
2023-05-14T15:46:20.135Z [application] error: Unhandled Rejection at: Promise [object Promise], reason: Error: data and salt arguments required
2023-05-14T15:46:20.139Z [application] error: Unhandled Rejection at: Promise [object Promise], reason: Error: data and salt arguments required
2023-05-14T15:46:20.139Z [application] error: Unhandled Rejection at: Promise [object Promise], reason: Error: data and salt arguments required
2023-05-14T15:46:20.141Z [application] error: Unhandled Rejection at: Promise [object Promise], reason: Error: data and salt arguments required
2023-05-14T15:46:20.141Z [application] error: Unhandled Rejection at: Promise [object Promise], reason: Error: data and salt arguments required
2023-05-14T15:46:20.141Z [application] error: Unhandled Rejection at: Promise [object Promise], reason: Error: data and salt arguments required
2023-05-14T15:46:33.898Z [application] info: [GET] /dkDixhbWTMojRDV
2023-05-14T15:46:36.586Z [application] info: [OPTIONS] /device
2023-05-14T15:46:52.751Z [application] info: [GET] /
2023-05-14T15:46:56.605Z [application] error: Unhandled Rejection at: Promise [object Promise], reason: Error: data and salt arguments required
2023-05-14T15:46:56.605Z [application] error: Unhandled Rejection at: Promise [object Promise], reason: Error: data and salt arguments required
2023-05-14T15:46:56.606Z [application] error: Unhandled Rejection at: Promise [object Promise], reason: Error: data and salt arguments required
2023-05-14T15:46:56.606Z [application] error: Unhandled Rejection at: Promise [object Promise], reason: Error: data and salt arguments required
2023-05-14T15:46:56.606Z [application] error: Unhandled Rejection at: Promise [object Promise], reason: Error: data and salt arguments required
2023-05-14T15:46:56.607Z [application] error: Unhandled Rejection at: Promise [object Promise], reason: Error: data and salt arguments required
2023-05-14T15:46:56.607Z [application] error: Unhandled Rejection at: Promise [object Promise], reason: Error: data and salt arguments required
2023-05-14T15:48:55.595Z [application] info: [GET] /
2023-05-14T15:48:59.682Z [application] info: [GET] /dkDixhbWTMojRDV
2023-05-14T15:49:05.352Z [application] info: [OPTIONS] /device
2023-05-14T15:49:05.378Z [application] error: Unhandled Rejection at: Promise [object Promise], reason: Error: data and salt arguments required
2023-05-14T15:49:05.379Z [application] error: Unhandled Rejection at: Promise [object Promise], reason: Error: data and salt arguments required
2023-05-14T15:49:05.379Z [application] error: Unhandled Rejection at: Promise [object Promise], reason: Error: data and salt arguments required
2023-05-14T15:49:05.379Z [application] error: Unhandled Rejection at: Promise [object Promise], reason: Error: data and salt arguments required
2023-05-14T15:49:05.379Z [application] error: Unhandled Rejection at: Promise [object Promise], reason: Error: data and salt arguments required
2023-05-14T15:49:05.379Z [application] error: Unhandled Rejection at: Promise [object Promise], reason: Error: data and salt arguments required
2023-05-14T15:49:05.379Z [application] error: Unhandled Rejection at: Promise [object Promise], reason: Error: data and salt arguments required
2023-05-14T15:49:05.380Z [application] error: Unhandled Rejection at: Promise [object Promise], reason: Error: data and salt arguments required
2023-05-14T15:49:05.380Z [application] error: Unhandled Rejection at: Promise [object Promise], reason: Error: data and salt arguments required
2023-05-14T15:49:05.380Z [application] error: Unhandled Rejection at: Promise [object Promise], reason: Error: data and salt arguments required
2023-05-14T15:49:05.380Z [application] error: Unhandled Rejection at: Promise [object Promise], reason: Error: data and salt arguments required
2023-05-14T15:50:38.896Z [application] info: [GET] /dkDixhbWTMojRDV
2023-05-14T15:50:43.908Z [application] info: [OPTIONS] /device
2023-05-14T15:50:43.913Z [application] error: Unhandled Rejection at: Promise [object Promise], reason: Error: data and salt arguments required
2023-05-14T15:50:43.914Z [application] error: Unhandled Rejection at: Promise [object Promise], reason: Error: data and salt arguments required
2023-05-14T15:50:43.914Z [application] error: Unhandled Rejection at: Promise [object Promise], reason: Error: data and salt arguments required
2023-05-14T15:50:43.914Z [application] error: Unhandled Rejection at: Promise [object Promise], reason: Error: data and salt arguments required
2023-05-14T15:50:43.914Z [application] error: Unhandled Rejection at: Promise [object Promise], reason: Error: data and salt arguments required
2023-05-14T15:50:43.914Z [application] error: Unhandled Rejection at: Promise [object Promise], reason: Error: data and salt arguments required
2023-05-14T15:50:43.914Z [application] error: Unhandled Rejection at: Promise [object Promise], reason: Error: data and salt arguments required
2023-05-14T15:50:43.914Z [application] error: Unhandled Rejection at: Promise [object Promise], reason: Error: data and salt arguments required
2023-05-14T15:50:43.914Z [application] error: Unhandled Rejection at: Promise [object Promise], reason: Error: data and salt arguments required
2023-05-14T15:50:43.914Z [application] error: Unhandled Rejection at: Promise [object Promise], reason: Error: data and salt arguments required
2023-05-14T15:50:43.914Z [application] error: Unhandled Rejection at: Promise [object Promise], reason: Error: data and salt arguments required
2023-05-14T15:50:43.915Z [application] error: Unhandled Rejection at: Promise [object Promise], reason: Error: data and salt arguments required
2023-05-14T15:50:43.915Z [application] error: Unhandled Rejection at: Promise [object Promise], reason: Error: data and salt arguments required
2023-05-14T15:50:43.915Z [application] error: Unhandled Rejection at: Promise [object Promise], reason: Error: data and salt arguments required
2023-05-14T15:54:06.768Z [application] info: [GET] /dkDixhbWTMojRDV
2023-05-14T15:54:15.632Z [application] info: [OPTIONS] /device
2023-05-14T15:54:15.666Z [application] error: Unhandled Rejection at: Promise [object Promise], reason: Error: data and salt arguments required
2023-05-14T15:54:15.666Z [application] error: Unhandled Rejection at: Promise [object Promise], reason: Error: data and salt arguments required
2023-05-14T15:54:15.667Z [application] error: Unhandled Rejection at: Promise [object Promise], reason: Error: data and salt arguments required
2023-05-14T15:54:32.156Z [application] error: Cannot use a pool after calling end on the pool,
                                       req: {}
2023-05-14T15:54:32.158Z [application] info: [GET] /dkDixhbWTMojRDV
2023-05-14T15:54:32.159Z [application] error: Unhandled Rejection at: Promise [object Promise], reason: Error: Called end on pool more than once
2023-05-14T15:54:32.159Z [application] error: Unhandled Rejection at: Promise [object Promise], reason: Error: Called end on pool more than once
2023-05-14T15:54:32.159Z [application] error: Unhandled Rejection at: Promise [object Promise], reason: Error: Called end on pool more than once
2023-05-14T15:54:32.159Z [application] error: Unhandled Rejection at: Promise [object Promise], reason: Error: Called end on pool more than once
2023-05-14T15:54:35.732Z [application] info: [GET] /
2023-05-14T15:54:53.659Z [application] error: Cannot use a pool after calling end on the pool,
                                       req: {}
2023-05-14T15:54:53.662Z [application] info: [GET] /
2023-05-14T15:54:53.662Z [application] error: Unhandled Rejection at: Promise [object Promise], reason: Error: Called end on pool more than once
2023-05-14T15:54:53.663Z [application] error: Unhandled Rejection at: Promise [object Promise], reason: Error: Called end on pool more than once
2023-05-14T15:54:53.663Z [application] error: Unhandled Rejection at: Promise [object Promise], reason: Error: Called end on pool more than once
2023-05-14T15:58:35.470Z [application] info: [GET] /
2023-05-14T15:58:39.431Z [application] info: [GET] /
2023-05-14T15:58:41.954Z [application] info: [GET] /dkDixhbWTMojRDV
2023-05-14T15:58:53.094Z [application] info: [OPTIONS] /device
2023-05-14T15:58:53.116Z [application] error: Unhandled Rejection at: Promise [object Promise], reason: Error: data and salt arguments required
2023-05-14T15:58:53.116Z [application] error: Unhandled Rejection at: Promise [object Promise], reason: Error: data and salt arguments required
2023-05-14T15:58:53.116Z [application] error: Unhandled Rejection at: Promise [object Promise], reason: Error: data and salt arguments required
2023-05-14T15:58:53.117Z [application] error: Unhandled Rejection at: Promise [object Promise], reason: Error: data and salt arguments required
2023-05-14T15:58:53.117Z [application] error: Unhandled Rejection at: Promise [object Promise], reason: Error: data and salt arguments required
2023-05-14T16:08:33.440Z [application] info: [PUT] /
2023-05-14T16:08:34.506Z [application] error: TypeError: pool.destroyAllNow is not a function
    at Timeout._onTimeout (F:\KEPERLUAN KULIAH\SEMESTER 8\SKRIPSI\BACKEND\iot_backend\controllers\dbconnect.js:12:10)
    at listOnTimeout (node:internal/timers:559:17)
    at processTimers (node:internal/timers:502:7)
2023-05-14T16:08:58.699Z [application] info: [PUT] /
2023-05-14T16:19:36.667Z [application] info: [GET] /
2023-05-14T16:20:17.698Z [application] info: [GET] /
2023-05-14T16:20:33.337Z [application] info: [GET] /dkDixhbWTMojRDV
2023-05-14T16:20:36.550Z [application] info: [GET] /
2023-05-14T16:25:15.416Z [application] info: [GET] /
2023-05-14T16:25:25.194Z [application] error: TypeError: pool.destroyAllNow is not a function
    at Timeout._onTimeout (F:\KEPERLUAN KULIAH\SEMESTER 8\SKRIPSI\BACKEND\iot_backend\controllers\dbconnect.js:12:10)
    at listOnTimeout (node:internal/timers:559:17)
    at processTimers (node:internal/timers:502:7)
2023-05-14T16:27:09.052Z [application] info: [GET] /
2023-05-14T16:27:28.189Z [application] info: [GET] /
2023-05-14T16:27:37.298Z [application] info: [GET] /
2023-05-14T16:27:40.133Z [application] info: [GET] /
2023-05-14T16:30:07.392Z [application] error: Unhandled Rejection at: Promise [object Promise], reason: TypeError: pool.release is not a function
2023-05-14T16:30:07.461Z [application] info: [GET] /
2023-05-14T16:30:09.949Z [application] info: [GET] /dkDixhbWTMojRDV
2023-05-14T16:30:14.047Z [application] info: [OPTIONS] /device
2023-05-14T16:30:14.071Z [application] error: Unhandled Rejection at: Promise [object Promise], reason: Error: data and salt arguments required
2023-05-14T16:30:14.071Z [application] error: Unhandled Rejection at: Promise [object Promise], reason: Error: data and salt arguments required
2023-05-14T16:30:14.071Z [application] error: Unhandled Rejection at: Promise [object Promise], reason: Error: data and salt arguments required
2023-05-14T16:30:14.071Z [application] error: Unhandled Rejection at: Promise [object Promise], reason: Error: data and salt arguments required
2023-05-14T16:32:49.325Z [application] error: Unhandled Rejection at: Promise [object Promise], reason: Error: data and salt arguments required
2023-05-14T16:32:58.170Z [application] error: Unhandled Rejection at: Promise [object Promise], reason: TypeError: release is not a function
2023-05-14T16:32:58.171Z [application] error: Unhandled Rejection at: Promise [object Promise], reason: TypeError: release is not a function
2023-05-14T16:33:56.945Z [application] error: Unhandled Rejection at: Promise [object Promise], reason: TypeError: release is not a function
2023-05-14T16:34:29.209Z [application] error: Unhandled Rejection at: Promise [object Promise], reason: TypeError: release is not a function
2023-05-14T16:34:29.218Z [application] info: [GET] /
2023-05-14T16:37:05.233Z [application] error: Unhandled Rejection at: Promise [object Promise], reason: TypeError: release is not a function
2023-05-14T16:37:05.244Z [application] info: [GET] /dkDixhbWTMojRDV
2023-05-14T16:37:28.486Z [application] error: Unhandled Rejection at: Promise [object Promise], reason: TypeError: release is not a function
2023-05-14T16:37:29.350Z [application] info: [GET] /
2023-05-14T16:37:32.207Z [application] error: Unhandled Rejection at: Promise [object Promise], reason: TypeError: release is not a function
2023-05-14T16:37:32.208Z [application] error: Unhandled Rejection at: Promise [object Promise], reason: TypeError: release is not a function
2023-05-14T16:37:32.208Z [application] error: Unhandled Rejection at: Promise [object Promise], reason: TypeError: release is not a function
2023-05-14T16:37:32.211Z [application] info: [GET] /dkDixhbWTMojRDV
2023-05-14T16:37:49.998Z [application] error: Unhandled Rejection at: Promise [object Promise], reason: TypeError: release is not a function
2023-05-14T16:37:49.999Z [application] error: Unhandled Rejection at: Promise [object Promise], reason: TypeError: release is not a function
2023-05-14T16:37:49.999Z [application] error: Unhandled Rejection at: Promise [object Promise], reason: TypeError: release is not a function
2023-05-14T16:37:49.999Z [application] error: Unhandled Rejection at: Promise [object Promise], reason: TypeError: release is not a function
2023-05-14T16:37:51.383Z [application] info: [OPTIONS] /device
2023-05-14T16:38:11.414Z [application] error: Unhandled Rejection at: Promise [object Promise], reason: Error: data and salt arguments required
2023-05-14T16:38:11.415Z [application] error: Unhandled Rejection at: Promise [object Promise], reason: Error: data and salt arguments required
2023-05-14T16:38:11.415Z [application] error: Unhandled Rejection at: Promise [object Promise], reason: Error: data and salt arguments required
2023-05-14T16:38:11.415Z [application] error: Unhandled Rejection at: Promise [object Promise], reason: Error: data and salt arguments required
2023-05-14T16:38:11.415Z [application] error: Unhandled Rejection at: Promise [object Promise], reason: Error: data and salt arguments required
2023-05-14T16:38:11.415Z [application] error: Unhandled Rejection at: Promise [object Promise], reason: Error: data and salt arguments required
2023-05-14T16:38:44.536Z [application] error: Unhandled Rejection at: Promise [object Promise], reason: TypeError: release is not a function
2023-05-14T16:38:44.537Z [application] error: Unhandled Rejection at: Promise [object Promise], reason: TypeError: release is not a function
2023-05-14T16:38:44.537Z [application] error: Unhandled Rejection at: Promise [object Promise], reason: TypeError: release is not a function
2023-05-14T16:38:44.537Z [application] error: Unhandled Rejection at: Promise [object Promise], reason: TypeError: release is not a function
2023-05-14T16:38:44.537Z [application] error: Unhandled Rejection at: Promise [object Promise], reason: TypeError: release is not a function
2023-05-14T16:38:44.537Z [application] error: Unhandled Rejection at: Promise [object Promise], reason: TypeError: release is not a function
2023-05-14T16:38:44.537Z [application] error: Unhandled Rejection at: Promise [object Promise], reason: TypeError: release is not a function
2023-05-14T16:38:44.540Z [application] info: [GET] /dkDixhbWTMojRDV
2023-05-14T16:38:58.843Z [application] error: Unhandled Rejection at: Promise [object Promise], reason: TypeError: release is not a function
2023-05-14T16:38:58.844Z [application] error: Unhandled Rejection at: Promise [object Promise], reason: TypeError: release is not a function
2023-05-14T16:38:58.844Z [application] error: Unhandled Rejection at: Promise [object Promise], reason: TypeError: release is not a function
2023-05-14T16:38:58.844Z [application] error: Unhandled Rejection at: Promise [object Promise], reason: TypeError: release is not a function
2023-05-14T16:38:58.844Z [application] error: Unhandled Rejection at: Promise [object Promise], reason: TypeError: release is not a function
2023-05-14T16:38:58.844Z [application] error: Unhandled Rejection at: Promise [object Promise], reason: TypeError: release is not a function
2023-05-14T16:38:58.844Z [application] error: Unhandled Rejection at: Promise [object Promise], reason: TypeError: release is not a function
2023-05-14T16:38:58.844Z [application] error: Unhandled Rejection at: Promise [object Promise], reason: TypeError: release is not a function
2023-05-14T16:38:58.847Z [application] info: [GET] /dkDixhbWTMojRDV
2023-05-14T16:38:59.214Z [application] error: Unhandled Rejection at: Promise [object Promise], reason: TypeError: release is not a function
2023-05-14T16:38:59.214Z [application] error: Unhandled Rejection at: Promise [object Promise], reason: TypeError: release is not a function
2023-05-14T16:38:59.214Z [application] error: Unhandled Rejection at: Promise [object Promise], reason: TypeError: release is not a function
2023-05-14T16:38:59.214Z [application] error: Unhandled Rejection at: Promise [object Promise], reason: TypeError: release is not a function
2023-05-14T16:38:59.215Z [application] error: Unhandled Rejection at: Promise [object Promise], reason: TypeError: release is not a function
2023-05-14T16:38:59.215Z [application] error: Unhandled Rejection at: Promise [object Promise], reason: TypeError: release is not a function
2023-05-14T16:38:59.215Z [application] error: Unhandled Rejection at: Promise [object Promise], reason: TypeError: release is not a function
2023-05-14T16:38:59.215Z [application] error: Unhandled Rejection at: Promise [object Promise], reason: TypeError: release is not a function
2023-05-14T16:38:59.215Z [application] error: Unhandled Rejection at: Promise [object Promise], reason: TypeError: release is not a function
2023-05-14T16:39:11.397Z [application] error: Unhandled Rejection at: Promise [object Promise], reason: TypeError: release is not a function
2023-05-14T16:39:11.397Z [application] error: Unhandled Rejection at: Promise [object Promise], reason: TypeError: release is not a function
2023-05-14T16:39:11.397Z [application] error: Unhandled Rejection at: Promise [object Promise], reason: TypeError: release is not a function
2023-05-14T16:39:11.397Z [application] error: Unhandled Rejection at: Promise [object Promise], reason: TypeError: release is not a function
2023-05-14T16:39:11.397Z [application] error: Unhandled Rejection at: Promise [object Promise], reason: TypeError: release is not a function
2023-05-14T16:39:11.397Z [application] error: Unhandled Rejection at: Promise [object Promise], reason: TypeError: release is not a function
2023-05-14T16:39:11.397Z [application] error: Unhandled Rejection at: Promise [object Promise], reason: TypeError: release is not a function
2023-05-14T16:39:11.397Z [application] error: Unhandled Rejection at: Promise [object Promise], reason: TypeError: release is not a function
2023-05-14T16:39:11.397Z [application] error: Unhandled Rejection at: Promise [object Promise], reason: TypeError: release is not a function
2023-05-14T16:39:11.397Z [application] error: Unhandled Rejection at: Promise [object Promise], reason: TypeError: release is not a function
2023-05-14T16:39:17.877Z [application] error: Unhandled Rejection at: Promise [object Promise], reason: TypeError: release is not a function
2023-05-14T16:39:17.877Z [application] error: Unhandled Rejection at: Promise [object Promise], reason: TypeError: release is not a function
2023-05-14T16:39:17.877Z [application] error: Unhandled Rejection at: Promise [object Promise], reason: TypeError: release is not a function
2023-05-14T16:39:17.877Z [application] error: Unhandled Rejection at: Promise [object Promise], reason: TypeError: release is not a function
2023-05-14T16:39:17.877Z [application] error: Unhandled Rejection at: Promise [object Promise], reason: TypeError: release is not a function
2023-05-14T16:39:17.877Z [application] error: Unhandled Rejection at: Promise [object Promise], reason: TypeError: release is not a function
2023-05-14T16:39:17.877Z [application] error: Unhandled Rejection at: Promise [object Promise], reason: TypeError: release is not a function
2023-05-14T16:39:17.878Z [application] error: Unhandled Rejection at: Promise [object Promise], reason: TypeError: release is not a function
2023-05-14T16:39:17.878Z [application] error: Unhandled Rejection at: Promise [object Promise], reason: TypeError: release is not a function
2023-05-14T16:39:17.878Z [application] error: Unhandled Rejection at: Promise [object Promise], reason: TypeError: release is not a function
2023-05-14T16:39:17.878Z [application] error: Unhandled Rejection at: Promise [object Promise], reason: TypeError: release is not a function
2023-05-14T16:42:32.817Z [application] error: Unhandled Rejection at: Promise [object Promise], reason: TypeError: release is not a function
2023-05-14T16:42:32.819Z [application] error: Unhandled Rejection at: Promise [object Promise], reason: TypeError: release is not a function
2023-05-14T16:42:32.826Z [application] info: [GET] /
2023-05-14T16:42:32.828Z [application] error: Unhandled Rejection at: Promise [object Promise], reason: TypeError: release is not a function
2023-05-14T16:42:32.828Z [application] error: Unhandled Rejection at: Promise [object Promise], reason: TypeError: release is not a function
2023-05-14T16:42:32.831Z [application] info: [GET] /
2023-05-14T16:42:38.764Z [application] error: Unhandled Rejection at: Promise [object Promise], reason: TypeError: release is not a function
2023-05-14T16:42:38.764Z [application] error: Unhandled Rejection at: Promise [object Promise], reason: TypeError: release is not a function
2023-05-14T16:42:38.764Z [application] error: Unhandled Rejection at: Promise [object Promise], reason: TypeError: release is not a function
2023-05-14T16:42:38.767Z [application] info: [GET] /
2023-05-14T16:42:48.242Z [application] error: Unhandled Rejection at: Promise [object Promise], reason: TypeError: release is not a function
2023-05-14T16:42:48.243Z [application] error: Unhandled Rejection at: Promise [object Promise], reason: TypeError: release is not a function
2023-05-14T16:42:48.243Z [application] error: Unhandled Rejection at: Promise [object Promise], reason: TypeError: release is not a function
2023-05-14T16:42:48.243Z [application] error: Unhandled Rejection at: Promise [object Promise], reason: TypeError: release is not a function
2023-05-14T16:42:48.247Z [application] info: [GET] /
2023-05-14T16:43:08.197Z [application] error: Unhandled Rejection at: Promise [object Promise], reason: TypeError: release is not a function
2023-05-14T16:43:08.197Z [application] error: Unhandled Rejection at: Promise [object Promise], reason: TypeError: release is not a function
2023-05-14T16:43:08.197Z [application] error: Unhandled Rejection at: Promise [object Promise], reason: TypeError: release is not a function
2023-05-14T16:43:08.197Z [application] error: Unhandled Rejection at: Promise [object Promise], reason: TypeError: release is not a function
2023-05-14T16:43:08.198Z [application] error: Unhandled Rejection at: Promise [object Promise], reason: TypeError: release is not a function
2023-05-14T16:43:08.200Z [application] info: [GET] /dkDixhbWTMojRDV
2023-05-14T16:43:34.283Z [application] error: Unhandled Rejection at: Promise [object Promise], reason: TypeError: release is not a function
2023-05-14T16:43:34.293Z [application] info: [GET] /dkDixhbWTMojRDV
2023-05-14T16:43:42.158Z [application] info: [OPTIONS] /device
2023-05-14T16:43:42.183Z [application] error: Unhandled Rejection at: Promise [object Promise], reason: Error: data and salt arguments required
2023-05-14T16:43:42.183Z [application] error: Unhandled Rejection at: Promise [object Promise], reason: Error: data and salt arguments required
2023-05-14T16:43:42.183Z [application] error: Unhandled Rejection at: Promise [object Promise], reason: Error: data and salt arguments required
2023-05-14T16:44:43.448Z [application] error: Unhandled Rejection at: Promise [object Promise], reason: TypeError: release is not a function
2023-05-14T16:44:43.449Z [application] error: Unhandled Rejection at: Promise [object Promise], reason: TypeError: release is not a function
2023-05-14T16:44:43.449Z [application] error: Unhandled Rejection at: Promise [object Promise], reason: TypeError: release is not a function
2023-05-14T16:44:43.449Z [application] error: Unhandled Rejection at: Promise [object Promise], reason: TypeError: release is not a function
2023-05-14T16:44:43.453Z [application] info: [GET] /dkDixhbWTMojRDV
2023-05-14T16:44:43.977Z [application] info: [OPTIONS] /device
2023-05-14T16:44:43.981Z [application] error: Unhandled Rejection at: Promise [object Promise], reason: Error: data and salt arguments required
2023-05-14T16:44:43.981Z [application] error: Unhandled Rejection at: Promise [object Promise], reason: Error: data and salt arguments required
2023-05-14T16:44:43.981Z [application] error: Unhandled Rejection at: Promise [object Promise], reason: Error: data and salt arguments required
2023-05-14T16:44:43.981Z [application] error: Unhandled Rejection at: Promise [object Promise], reason: Error: data and salt arguments required
2023-05-14T16:44:43.981Z [application] error: Unhandled Rejection at: Promise [object Promise], reason: Error: data and salt arguments required
2023-05-14T16:44:43.981Z [application] error: Unhandled Rejection at: Promise [object Promise], reason: Error: data and salt arguments required
2023-05-14T16:45:03.426Z [application] error: Unhandled Rejection at: Promise [object Promise], reason: Error: data and salt arguments required
2023-05-14T16:45:14.398Z [application] info: [GET] /dkDixhbWTMojRDV
2023-05-14T16:45:47.259Z [application] info: [OPTIONS] /device
2023-05-14T16:45:47.282Z [application] error: Unhandled Rejection at: Promise [object Promise], reason: Error: data and salt arguments required
2023-05-14T16:45:47.282Z [application] error: Unhandled Rejection at: Promise [object Promise], reason: Error: data and salt arguments required
2023-05-14T16:45:47.283Z [application] error: Unhandled Rejection at: Promise [object Promise], reason: Error: data and salt arguments required
2023-05-14T16:46:56.027Z [application] error: Unhandled Rejection at: Promise [object Promise], reason: Error: data and salt arguments required
2023-05-14T16:47:00.116Z [application] info: [GET] /dkDixhbWTMojRDV
2023-05-14T16:47:06.616Z [application] info: [OPTIONS] /device
2023-05-14T16:47:06.623Z [application] error: Unhandled Rejection at: Promise [object Promise], reason: Error: data and salt arguments required
2023-05-14T16:47:06.624Z [application] error: Unhandled Rejection at: Promise [object Promise], reason: Error: data and salt arguments required
2023-05-14T16:47:06.624Z [application] error: Unhandled Rejection at: Promise [object Promise], reason: Error: data and salt arguments required
2023-05-14T16:47:06.624Z [application] error: Unhandled Rejection at: Promise [object Promise], reason: Error: data and salt arguments required
2023-05-14T16:49:08.800Z [application] error: Unhandled Rejection at: Promise [object Promise], reason: Error: data and salt arguments required
2023-05-14T16:51:41.611Z [application] info: [GET] /
2023-05-14T16:51:45.292Z [application] info: [GET] /
2023-05-14T16:52:01.725Z [application] info: [OPTIONS] /device
2023-05-14T16:52:40.025Z [application] info: [OPTIONS] /device
2023-05-14T16:53:41.390Z [application] info: [POST] /
2023-05-14T16:53:52.911Z [application] info: [GET] /
2023-05-14T16:54:30.179Z [application] info: [GET] /
2023-05-14T16:54:33.398Z [application] info: [GET] /
2023-05-14T16:54:53.040Z [application] info: [GET] /
2023-05-14T16:55:10.524Z [application] info: [GET] /
2023-05-14T16:55:15.697Z [application] info: [GET] /
2023-05-14T16:55:17.792Z [application] info: [GET] /PRJ1
2023-05-14T16:55:20.076Z [application] info: [GET] /
2023-05-14T16:56:00.756Z [application] info: [GET] /
2023-05-14T16:56:01.744Z [application] info: [GET] /
2023-05-14T16:56:23.414Z [application] info: [GET] /
2023-05-14T16:56:30.867Z [application] info: [GET] /
2023-05-14T16:56:46.922Z [application] info: [GET] /
2023-05-14T16:56:47.061Z [application] info: [GET] /
2023-05-14T16:58:33.948Z [application] info: [GET] /
2023-05-14T16:58:35.012Z [application] info: [GET] /
