2023-05-18T14:41:55.640Z [application] info: [GET] /
2023-05-18T14:41:55.652Z [application] info: [GET] /
2023-05-18T14:41:58.955Z [application] info: [GET] /
2023-05-18T14:42:00.098Z [application] info: [GET] /
2023-05-18T14:42:00.127Z [application] info: [GET] /
2023-05-18T14:45:24.990Z [application] info: [OPTIONS] /userauth
2023-05-18T14:45:25.073Z [application] info: [POST] /
2023-05-18T14:45:45.890Z [application] info: [OPTIONS] /user
2023-05-18T14:45:46.155Z [application] info: [POST] /
2023-05-18T14:56:16.283Z [application] info: [OPTIONS] /userauth
2023-05-18T14:56:16.347Z [application] info: [POST] /
2023-05-18T14:56:39.818Z [application] info: [OPTIONS] /userauth
2023-05-18T14:56:39.861Z [application] info: [POST] /
2023-05-18T14:57:35.968Z [application] info: [OPTIONS] /userauth
2023-05-18T14:57:35.972Z [application] info: [POST] /
2023-05-18T14:58:51.846Z [application] info: [OPTIONS] /userauth
2023-05-18T14:58:51.851Z [application] info: [POST] /
2023-05-18T14:58:58.185Z [application] info: [OPTIONS] /userauth
2023-05-18T14:58:58.188Z [application] info: [POST] /
2023-05-18T14:59:30.540Z [application] info: [OPTIONS] /userauth
2023-05-18T14:59:30.544Z [application] info: [POST] /
2023-05-18T14:59:33.997Z [application] info: [POST] /
2023-05-18T15:08:29.912Z [application] info: [OPTIONS] /userauth
2023-05-18T15:08:29.917Z [application] info: [POST] /
2023-05-18T15:08:41.064Z [application] info: [OPTIONS] /userauth
2023-05-18T15:08:41.068Z [application] info: [POST] /
2023-05-18T15:09:02.602Z [application] info: [OPTIONS] /userauth
2023-05-18T15:09:02.605Z [application] info: [POST] /
2023-05-18T15:09:17.086Z [application] info: [OPTIONS] /userauth
2023-05-18T15:09:17.139Z [application] info: [POST] /
2023-05-18T15:10:29.785Z [application] info: [OPTIONS] /userauth
2023-05-18T15:10:29.826Z [application] info: [POST] /
2023-05-18T15:10:42.941Z [application] info: [OPTIONS] /userauth
2023-05-18T15:10:42.981Z [application] info: [POST] /
2023-05-18T15:10:43.031Z [application] info: [GET] /
2023-05-18T15:10:50.534Z [application] info: [GET] /
2023-05-18T15:10:51.318Z [application] info: [GET] /
2023-05-18T15:10:53.201Z [application] info: [GET] /
2023-05-18T15:10:53.227Z [application] info: [GET] /
2023-05-18T15:54:51.741Z [application] info: [OPTIONS] /dashwidget
2023-05-18T15:54:52.040Z [application] info: [POST] /
2023-05-18T16:00:17.530Z [application] info: [OPTIONS] /dashwidget
2023-05-18T16:00:17.708Z [application] error: duplicate key value violates unique constraint "dashwidget_pkey",
                                       req: {"x":0,"y":12,"w":2.5,"h":4.5,"i":0,"widgettypeid":"Switch","widgettype":3,"title":"Empty Title","modalTarget":"#alertModalSwitch","varid":"","dashboardid":"DSH2"}
2023-05-18T16:00:17.709Z [application] info: [POST] /
2023-05-18T16:01:25.379Z [application] info: [OPTIONS] /dashwidget
2023-05-18T16:01:25.564Z [application] error: duplicate key value violates unique constraint "dashwidget_pkey",
                                       req: {"x":0,"y":12,"w":5.5,"h":11.5,"i":1,"widgettypeid":"LineChart","widgettype":4,"title":"Empty Title","modalTarget":"#alertModalLineChart","varid":"","dashboardid":"DSH2"}
2023-05-18T16:01:25.565Z [application] info: [POST] /
2023-05-18T16:07:46.740Z [application] info: [OPTIONS] /dashwidget
2023-05-18T16:07:46.874Z [application] info: [POST] /
2023-05-18T16:10:05.921Z [application] info: [OPTIONS] /dashwidget
2023-05-18T16:10:06.094Z [application] info: [POST] /
2023-05-18T16:10:32.741Z [application] info: [OPTIONS] /dashwidget
2023-05-18T16:10:32.933Z [application] info: [POST] /
2023-05-18T16:13:47.053Z [application] info: [OPTIONS] /dashwidget
2023-05-18T16:13:47.206Z [application] info: [POST] /
2023-05-18T16:13:59.034Z [application] info: [OPTIONS] /dashwidget
2023-05-18T16:13:59.405Z [application] info: [POST] /
2023-05-18T16:23:58.701Z [application] info: [GET] /DSH2
2023-05-18T16:25:17.576Z [application] info: [GET] /DSH2
2023-05-18T16:27:08.820Z [application] info: [GET] /DSH2
2023-05-18T16:27:27.364Z [application] info: [GET] /DSH2
2023-05-18T16:28:23.998Z [application] info: [GET] /DSH2
2023-05-18T16:29:29.804Z [application] info: [GET] /DSH2
2023-05-18T16:29:50.203Z [application] info: [OPTIONS] /dashwidget
2023-05-18T16:29:50.426Z [application] info: [POST] /
2023-05-18T16:30:48.335Z [application] info: [GET] /DSH2
2023-05-18T16:30:57.117Z [application] info: [GET] /DSH2
2023-05-18T16:32:08.687Z [application] info: [GET] /DSH2
2023-05-18T16:32:26.470Z [application] info: [GET] /DSH2
2023-05-18T16:32:28.808Z [application] info: [OPTIONS] /dashwidget
2023-05-18T16:32:28.940Z [application] info: [POST] /
2023-05-18T16:32:39.726Z [application] info: [GET] /DSH2
2023-05-18T16:32:50.950Z [application] info: [OPTIONS] /dashwidget
2023-05-18T16:32:51.101Z [application] info: [POST] /
2023-05-18T16:32:53.231Z [application] info: [GET] /DSH2
2023-05-18T16:35:08.368Z [application] info: [GET] /DSH2
2023-05-18T16:36:23.682Z [application] info: [GET] /DSH2
2023-05-18T16:36:27.093Z [application] info: [GET] /DSH2
2023-05-18T16:36:42.282Z [application] info: [GET] /DSH2
2023-05-18T16:36:55.015Z [application] info: [OPTIONS] /dashwidget
2023-05-18T16:36:55.204Z [application] info: [POST] /
2023-05-18T16:37:21.905Z [application] info: [GET] /DSH2
2023-05-18T16:37:32.509Z [application] info: [GET] /DSH2
2023-05-18T16:37:44.325Z [application] info: [GET] /DSH2
2023-05-18T16:37:50.486Z [application] info: [GET] /DSH2
2023-05-18T16:38:36.736Z [application] info: [GET] /DSH2
2023-05-18T16:38:54.103Z [application] info: [GET] /DSH2
2023-05-18T16:40:12.483Z [application] info: [GET] /DSH2
2023-05-18T16:40:23.018Z [application] info: [GET] /DSH2
2023-05-18T16:40:37.297Z [application] info: [GET] /DSH2
2023-05-18T16:41:09.666Z [application] info: [GET] /DSH2
2023-05-18T16:41:16.388Z [application] info: [GET] /DSH2
2023-05-18T16:41:49.295Z [application] info: [GET] /DSH2
2023-05-18T16:42:16.271Z [application] info: [GET] /DSH2
2023-05-18T16:42:39.013Z [application] info: [GET] /DSH2
2023-05-18T16:42:40.895Z [application] info: [OPTIONS] /dashwidget
2023-05-18T16:42:40.979Z [application] info: [POST] /
2023-05-18T16:42:42.964Z [application] info: [POST] /
2023-05-18T16:42:47.688Z [application] info: [OPTIONS] /dashwidget
2023-05-18T16:42:47.806Z [application] info: [POST] /
2023-05-18T16:42:57.209Z [application] info: [GET] /DSH2
2023-05-18T16:43:02.671Z [application] info: [GET] /DSH2
2023-05-18T16:43:09.927Z [application] info: [GET] /DSH2
2023-05-18T16:44:26.724Z [application] info: [GET] /DSH2
2023-05-18T16:44:39.369Z [application] info: [GET] /DSH2
2023-05-18T16:44:51.427Z [application] info: [GET] /DSH2
2023-05-18T16:47:28.582Z [application] info: [GET] /DSH2
2023-05-18T16:47:39.459Z [application] info: [GET] /DSH2
2023-05-18T16:51:28.069Z [application] info: [GET] /DSH2
2023-05-18T16:54:40.021Z [application] info: [GET] /DSH2
2023-05-18T16:54:45.528Z [application] info: [OPTIONS] /dashwidget
2023-05-18T16:54:45.534Z [application] error: syntax error at or near "WHERE",
                                       req: {}
2023-05-18T16:54:45.535Z [application] info: [DELETE] /
2023-05-18T16:55:00.353Z [application] info: [GET] /DSH2
2023-05-18T16:55:03.942Z [application] info: [OPTIONS] /dashwidget
2023-05-18T16:55:03.947Z [application] error: syntax error at or near "WHERE",
                                       req: {}
2023-05-18T16:55:03.948Z [application] info: [DELETE] /
2023-05-18T16:55:32.667Z [application] info: [GET] /DSH2
2023-05-18T16:55:34.239Z [application] info: [OPTIONS] /dashwidget
2023-05-18T16:55:34.245Z [application] info: [DELETE] /
2023-05-18T16:55:40.842Z [application] info: [GET] /DSH2
2023-05-18T16:55:52.487Z [application] info: [GET] /DSH2
2023-05-18T16:56:32.231Z [application] info: [OPTIONS] /userauth
2023-05-18T16:56:32.379Z [application] info: [POST] /
2023-05-18T16:56:32.434Z [application] info: [GET] /
2023-05-18T16:56:36.846Z [application] info: [GET] /
2023-05-18T16:56:37.461Z [application] info: [GET] /
2023-05-18T16:56:37.846Z [application] info: [GET] /
2023-05-18T16:56:38.425Z [application] info: [GET] /
2023-05-18T16:56:38.453Z [application] info: [GET] /
2023-05-18T16:56:38.758Z [application] info: [GET] /
2023-05-18T16:56:39.519Z [application] info: [GET] /
2023-05-18T16:56:53.164Z [application] info: [GET] /
2023-05-18T16:56:53.711Z [application] info: [GET] /
